[debug] [2026-05-18T06:28:02.272Z] ----------------------------------------------------------------------
[debug] [2026-05-18T06:28:02.274Z] Command:       C:\Program Files\nodejs\node.exe C:\Users\mauli\AppData\Roaming\npm\node_modules\firebase-tools\lib\bin\firebase.js deploy --only hosting
[debug] [2026-05-18T06:28:02.274Z] CLI Version:   15.16.0
[debug] [2026-05-18T06:28:02.274Z] Platform:      win32
[debug] [2026-05-18T06:28:02.274Z] Node Version:  v22.21.0
[debug] [2026-05-18T06:28:02.274Z] Time:          Mon May 18 2026 11:58:02 GMT+0530 (India Standard Time)
[debug] [2026-05-18T06:28:02.274Z] ----------------------------------------------------------------------
[debug] 
[debug] [2026-05-18T06:28:03.668Z] > command requires scopes: ["email","openid","https://www.googleapis.com/auth/cloudplatformprojects.readonly","https://www.googleapis.com/auth/firebase","https://www.googleapis.com/auth/cloud-platform"]
[debug] [2026-05-18T06:28:03.668Z] > authorizing via signed-in user (wagerzapcareers@gmail.com)
[debug] [2026-05-18T06:28:03.668Z] [iam] checking project indus-kioask for permissions ["firebase.projects.get","firebasehosting.sites.update"]
[debug] [2026-05-18T06:28:03.669Z] Checked if tokens are valid: true, expires at: 1779089153431
[debug] [2026-05-18T06:28:03.669Z] Checked if tokens are valid: true, expires at: 1779089153431
[debug] [2026-05-18T06:28:03.670Z] >>> [apiv2][query] POST https://cloudresourcemanager.googleapis.com/v1/projects/indus-kioask:testIamPermissions [none]
[debug] [2026-05-18T06:28:03.670Z] >>> [apiv2][(partial)header] POST https://cloudresourcemanager.googleapis.com/v1/projects/indus-kioask:testIamPermissions  x-goog-user-project=indus-kioask
[debug] [2026-05-18T06:28:03.670Z] >>> [apiv2][body] POST https://cloudresourcemanager.googleapis.com/v1/projects/indus-kioask:testIamPermissions {"permissions":["firebase.projects.get","firebasehosting.sites.update"]}
[debug] [2026-05-18T06:28:05.134Z] <<< [apiv2][status] POST https://cloudresourcemanager.googleapis.com/v1/projects/indus-kioask:testIamPermissions 200
[debug] [2026-05-18T06:28:05.135Z] <<< [apiv2][body] POST https://cloudresourcemanager.googleapis.com/v1/projects/indus-kioask:testIamPermissions {"permissions":["firebase.projects.get","firebasehosting.sites.update"]}
[debug] [2026-05-18T06:28:05.135Z] Checked if tokens are valid: true, expires at: 1779089153431
[debug] [2026-05-18T06:28:05.135Z] Checked if tokens are valid: true, expires at: 1779089153431
[debug] [2026-05-18T06:28:05.135Z] >>> [apiv2][query] GET https://firebase.googleapis.com/v1beta1/projects/indus-kioask [none]
[debug] [2026-05-18T06:28:06.434Z] <<< [apiv2][status] GET https://firebase.googleapis.com/v1beta1/projects/indus-kioask 200
[debug] [2026-05-18T06:28:06.434Z] <<< [apiv2][body] GET https://firebase.googleapis.com/v1beta1/projects/indus-kioask {"projectId":"indus-kioask","projectNumber":"427254650388","displayName":"Indus-Kioask","name":"projects/indus-kioask","resources":{"hostingSite":"indus-kioask"},"state":"ACTIVE","etag":"1_cca787ec-ca62-4b53-ba5c-0d86b9972866"}
[info] 
[info] === Deploying to 'indus-kioask'...
[info] 
[info] i  deploying hosting 
[debug] [2026-05-18T06:28:06.436Z] Checked if tokens are valid: true, expires at: 1779089153431
[debug] [2026-05-18T06:28:06.436Z] Checked if tokens are valid: true, expires at: 1779089153431
[debug] [2026-05-18T06:28:06.436Z] >>> [apiv2][query] GET https://firebasehosting.googleapis.com/v1beta1/projects/indus-kioask/sites/indus-kioask [none]
[debug] [2026-05-18T06:28:07.603Z] <<< [apiv2][status] GET https://firebasehosting.googleapis.com/v1beta1/projects/indus-kioask/sites/indus-kioask 200
[debug] [2026-05-18T06:28:07.603Z] <<< [apiv2][body] GET https://firebasehosting.googleapis.com/v1beta1/projects/indus-kioask/sites/indus-kioask {"name":"projects/indus-kioask/sites/indus-kioask","defaultUrl":"https://indus-kioask.web.app","type":"DEFAULT_SITE"}
[debug] [2026-05-18T06:28:07.604Z] Checked if tokens are valid: true, expires at: 1779089153431
[debug] [2026-05-18T06:28:07.604Z] Checked if tokens are valid: true, expires at: 1779089153431
[debug] [2026-05-18T06:28:07.604Z] >>> [apiv2][query] POST https://firebasehosting.googleapis.com/v1beta1/projects/-/sites/indus-kioask/versions [none]
[debug] [2026-05-18T06:28:07.604Z] >>> [apiv2][body] POST https://firebasehosting.googleapis.com/v1beta1/projects/-/sites/indus-kioask/versions {"status":"CREATED","labels":{"deployment-tool":"cli-firebase"}}
[debug] [2026-05-18T06:28:08.440Z] <<< [apiv2][status] POST https://firebasehosting.googleapis.com/v1beta1/projects/-/sites/indus-kioask/versions 200
[debug] [2026-05-18T06:28:08.440Z] <<< [apiv2][body] POST https://firebasehosting.googleapis.com/v1beta1/projects/-/sites/indus-kioask/versions {"name":"projects/427254650388/sites/indus-kioask/versions/9e87c56286e797cb","status":"CREATED","config":{},"labels":{"deployment-tool":"cli-firebase"}}
[info] i  hosting[indus-kioask]: beginning deploy... 
[info] i  hosting[indus-kioask]: found 84 files in build 
[debug] [2026-05-18T06:28:08.465Z] [hosting] uploading with 1 concurrency
[debug] [2026-05-18T06:28:08.466Z] [hosting] hash cache [YnVpbGQ] not populated
[debug] [2026-05-18T06:28:08.766Z] Checked if tokens are valid: true, expires at: 1779089153431
[debug] [2026-05-18T06:28:08.767Z] Checked if tokens are valid: true, expires at: 1779089153431
[debug] [2026-05-18T06:28:08.768Z] [hosting] hash cache [YnVpbGQ] stored for 84 files
[debug] [2026-05-18T06:28:08.768Z] [hosting][hash queue][FINAL] {"max":290,"min":13,"avg":66.33333333333333,"active":0,"complete":84,"success":84,"errored":0,"retried":0,"total":84,"elapsed":300}
[debug] [2026-05-18T06:28:08.768Z] >>> [apiv2][query] POST https://firebasehosting.googleapis.com/v1beta1/projects/427254650388/sites/indus-kioask/versions/9e87c56286e797cb:populateFiles [none]
[debug] [2026-05-18T06:28:08.768Z] >>> [apiv2][body] POST https://firebasehosting.googleapis.com/v1beta1/projects/427254650388/sites/indus-kioask/versions/9e87c56286e797cb:populateFiles {"files":{"/index.html":"84e30015a3b863903e0f070bf8b5346fc6320f4fe9e20de271c83a2d951555b7","/static/media/Yazaki_company_logo.c1ec70ef235016f5a0d358b20344c414.svg":"3432ebafbebf40b08605f179a6b48aa35964639e6c29bf30b18ededc44b170a7","/asset-manifest.json":"c58a773cdbb5635408c2e19f475c4d2f496902baba65fc6db52a6baed6d217e3","/static/media/Torrent Power Logo SVG.a08f70a7c84929548fe9201819199478.svg":"07783ffa6fc4f61ffb4705c66bc8443f24750d9eabd56f420e37b8324dbf971c","/static/media/zeus_learning.b2296d303809e3aa4cda.webp":"855356c004ecdeff6d973331d89614913fecde206a9fbf070d0ddf52f856ba98","/static/media/Tata_Motors_Logo.40b9371ab269e60b7d7df96ce26a92af.svg":"c9ccb70d7b7054a437a6a1db6299686fe1ec19ce5cdbf19ee10989f722546eb2","/static/media/Tata_Consultancy_Services_old_logo.6094ef596d3bcebc7d79ef9e3c97df7a.svg":"f35b2aab961a617712d83ae3dccecfbe03e3ccec793b609fc859ec83ca659363","/static/media/Tech_Mahindra_New_Logo.svg.d82f8fd9fe0ac1060ad6.png":"8056ca4ae83d1bbb237cc9f52d8a74d28316d565ecce4aa0bb7ce4b1fab6d30f","/static/media/Sophos_logo.ce9c6943ef381ad8ad5affc1f9020397.svg":"b10801a942e29d0c27f4cfd5c5c2ad2da0419ac1f674fadb849bc7a14271177b","/static/media/silver_touch_logo.c498e4f109bfdae1b34f.png":"e7b2c8acbf2133b6f9f72309b9178e3efbe7b81da3dd7816a022eec01468cafd","/static/media/sandeep-chakravorty.0427ed02c4a072530e27.webp":"7eae5404ebeb945d0f492ac74883a9c033021d366a31adb25079a73d28dc0ed5","/static/media/Reliance_Digital.eff62a05441f81c350c174052ac25919.svg":"e7d50e1635cfe9d18f32ca17c57e46be000f7153bea3b4333ef3844c07ff3b9a","/static/media/ninjacart.9aa72f0ad83badc93a69.webp":"ba8f387596580eb80d5e385f4d7567f473f4df343422360e56b33c842bde6ed6","/static/media/Reliance-Industries-Limited-Logo-2.47036b9b33344ed8009142ef26cecf18.svg":"2050dffe997795b7c69cc487dac18a65e9a4d6a75cd22b57628cca929aa3009d","/static/media/microsoft-6.735435118630d877e67459433281c8f0.svg":"a19f0cbe2e229a3598d2d8b5e4fe9e348eccee71613d020795f64e10a56f1bbc","/static/media/kotak_bank.2ee3b812542fd787f27dae5487fb5c36.svg":"35b76e622f50c731a8c87765464de28fbe6ebd9021cc7a7db28bb3db66239a29","/static/media/jio_logo.51d4ae80b3e55dc925a6.png":"a51c3500fca275152d9726cd07323c7eae597c9b63e12ab0b7bd70d1e9263b0d","/static/media/infosys-technologies-logo.2242fb471c8cd928dcb9aed812b4176f.svg":"59ca05174d35b84809f94d6a8f352745b39adf6cc6f9c93bfe37ec193d83b4c2","/static/media/ICICI_Bank_Logo.c4703b4878e0c5dc35ba17b473d4299a.svg":"25debcc57b251e302d3b57f8c2a8f29c96ef1a7664a13a7646a3c95f2a55423a","/static/media/gatewaygroup.c9c57a1ca5a8c9df75078474b3b91fb0.svg":"cb0128287a65e77f19e839a64273b237833ff0677903109f9bf2b4cc8b0220f7","/static/media/godrej.a703970f9f228b561b2ec352702a3e7b.svg":"cfcde3599e6d1a8fec119ccd91b92ac065afbc74bf3afae06c6ac8a642f7cee1","/static/media/flipkart.ae4de62d891ad801245237da49d2076b.svg":"a98d804597582b8f51514d59cb8316ed839a0bac5c9b12d859e5e765bef42616","/static/media/federalbank.89b18c0bbd9ac625ebc43394d0462166.svg":"9e2e58c2bcd1a01e5ac867c661e84f746779bcb51539f9e02a3965d1950aac25","/static/media/dr-ritu-bhandari.8f3c2ac06703016c8db7.webp":"74a5fcc934e457ab9a4243b8279ce330771d426d77c68418a62a01db609c9578","/static/media/dr-nagesh-bhandari.0599fb931dae27f7fdd4.webp":"cfdd2a4188330d381d61a75db25bb100d6e7b73af68e9168b0e4bc26e8846f55","/static/media/dr-r-k-singh.0f514cd3cf6075a2d38d.webp":"6f7369a1b14be1c899eb6ee9116b85e2d9ad766bee585b8333d2f6c369514093","/static/media/volkwagen.b367a387e94955001e6e.jpg":"7044c1b4e710c9edd457c5a56bb17eafaf1ec43b66568f9f2e764c9b567283f4","/static/media/torrent-pharmaceuticals-seeklogo.6d4a11a448c244b80e2e.png":"efa1dd309abf369b62e7c46cfb4ccbeeb8ac38315c4a0d550a49dd3d7cfe8aa7","/static/media/medkart-pharmacy-seeklogo.c7ff456ee8b3d6520620.png":"ef9a945957fc4960c082484256ec2d5d92f0302750b65f4e43125e5f5e9b4be6","/static/media/Intech-Business-AI.b6654195cc778eb27371.jpg":"b6a08c2b2e2339aba6c3a799232f563b4092b8b8736155a1af5bbe1837266741","/static/media/futurense_logo.6e7eaff9d141f793fbf9.jpg":"ab7761394d0f051c9c3e14a6ebd7e7a5043ee8d7d07397bf8c5287add1229056","/static/media/Simform.0b24f3cc7263757d14e3.png":"2131ec7beb15fe245ef47ee335cfdfe65957ecd5e0bb8743ddeda8c715ebdeeb","/static/media/RATNAMANI.NS_BIG-67b0ae2b.0d045f51a5ffc3645677.png":"3d6a6e435d3876cb0fb06f354ca758685545880b74427320b3c1c102011e3448","/static/media/meditab_logo.dddfd0b3baf8e7e10c79.webp":"7a6949fc148a730ab5ab8ac0da0d89bfc8cfdb4c40d8485a95e69bd53c826678","/static/media/Mitsubishi_Electric_logo.20eb1712b27bec125d36.png":"38fce4ac50bd1250c416fef798a09d6407ced39a87b4f0b4a553b4f08c37976f","/static/media/Siemens-logo.7e94fa103c41717153e1.jpg":"e3dd086ff7d08a367941f0f60651ade2348cc3fd34d9c30188c3ea2f749d8227","/static/media/cygnetinfotech.9fbd87ff154bd78bbe57.webp":"4ba0bbbe0bcc95509e06d69f98805d1221a571ab7ed153ba54969cd00b1b823a","/static/media/DCB_BANK_reverse_logo_June_2011.c0e83335113e9c5f4dd7.jpg":"be2013a73871a65f23d8f8a3fc385e2d85017d842dc0d0ebeb53b4f5ae3fb09a","/static/media/Coca-Cola_logo.3b61dedddce42c14dc3008cd11b309c3.svg":"b6c041bda6fcfab2d30680875a4f43c551dc18345a08dda595030cb585d2c528","/static/media/capgemini-logo-2017.582a5e39d4aa01d46426dac62be258bd.svg":"5b9463bd759a5c7261c02c2c79f6100186cb830d2114f974063aea7d498054d1","/static/media/bridgestone-26989.099dfb336a39369ab41245d0bcb2f419.svg":"f679cdb57986a38ddb21942641d754ec0fb80dadc4f65e507bbd126476616a79","/static/media/torrecid_logo.bb76802b85a45f637426.jpg":"1f973f22df61b3c480348779c97f3294435697a087ea4b13559cff987d94d4ca","/static/media/adobe.079abddf8ec49dd6d987e16e16a471a5.svg":"b3dbe669856e08a9bb49b76ddd627062b2f201d0b82e00fb59fa662423a5910d","/static/media/cisco_logo.aa08a8c8a8a76416427b.png":"82134092d7cbc28589efbdcd1e3816ba24954c42aea5054f5ce4184d32900dff","/static/media/Harsha_logo.a58fa97d3b49ab8d8fd5.png":"71f49bc85a6543dadd93efce4c07f1b92da9d871564af406b1086c75ef7b704e","/static/media/accenture-6.ae03ea8babd2698ea65ddcae3ce4c348.svg":"e0c3bdddc83518429b010c7962e035ee52aa23dffca32e566842a419bc331598","/static/media/logo.28a0ff487ea137261ec0.png":"443ee304cc05b276ab9bcf55741aa152dc8a2a24eaeac3bb512d02068a65713e","/static/media/Home-first-logo.d04b91747d9da7dc5f56.jpg":"668c0caee50c03bb9a6797d39491cc4ed91ce619855ae9f3ef4c5b16fbbd3955","/static/js/main.4a96e379.js.LICENSE.txt":"11d06d7cc75395b71056cd7f0cf7b04a7ff3c6c0e65a6133a256964cd486a5e2","/static/media/awards-and-recognition3.32b63d300e9314c580d6.webp":"ba139439bafdb4e44d45cd8d84c957fbb8fdc6b9554035a7e4230a78d38dc08e","/static/media/awards-and-recognition2.ecd91e7da8adba0b2eda.webp":"6d1e3ff2d82666e593c646120a6259ff86276289da056b0a8981c8673e2779dc","/static/media/Niaa_image.144571bbab01941f33bd.png":"a2844d83970c5257b7f89c1edd20e7e642b1bafa438a88bf3104489bc963786a","/static/media/awards-and-recognition1.0988c5ee27d2b2626216.webp":"1201cf86687a03a30c589913372c19d80938dc48fb4bd73958bb5c81bc0ff01c","/static/media/yesbank_logo.8a6e37a1b8411fc44190.png":"914f0291e92f11da5a9c4949ef5ef0b8edfe107b9000a5dfa1879c165d8e3c01","/static/media/adanigas.d394344044e705f5b3cc.png":"09326f08064e89077eedd8d2738069adb0f26b976d20322013a1800860b5c283","/static/media/sleepwell_logo.fe1abd1c693a8e4d255e.jpg":"699d6ae5cd72dcfa63e575fff0aebda347194c81f014f7ee65d6d97ccb8ee6b8","/static/css/main.b65a32fc.css":"f236f91d145b20c50d32abdd253305a12bcc51f14d4906de1755eaa53ddfd70c","/static/media/jindal-aluminium-limited-seeklogo.ed49056c8b172f55a40a.png":"a4966474f5a879741384ebf98c1d55a5a762f82c5e3fe6b95df60ddaca2124a7","/static/media/academor.c88f7a9643b5ec5da068.jpg":"b29c7fd67c8c809c35a8faffff5c0b73234c603519096c270acf6d855ae24cad","/static/media/bosch.3c2e5ac45f76f1a0f3b0dcceb38afe63.svg":"29cc0b606e2c14216dec3ac522fe59d9282ea8439c905b61efb829934d9ad845","/static/media/smallicon_sidebar.0ef98992c76ca59af8ee.png":"30a06085a276f3e00461822c20cb5105d3741bccf39c7bffc92611c0f7b0897e","/static/media/WIIA.4a8bab04a2ec18389064.png":"02b83b899e1fc25999d969b336cba86715c6e66f1dc28454b168b2b9d73b0358","/static/media/Indus_logo.650a4ac12a8759b325be.png":"a9e02a198b53e0f92b6b2f04d940a41d81b8006257367c569bdcdf5c36e07dd8","/static/media/awards-and-recognition17.e1b307479afd1d79a22e.jpg":"62c81c299dee835302462c85dba723340033718fd80d48ec8cd110e0cdfa1ca7","/static/media/suketu-jani.0f7b0d3f738e3e24ba62.webp":"cb672062b403231671ae4d8947a7db8ceb3d91f96b335356ef6cf8a96ae99b60","/static/media/The-Best-Researcher-Award.b00659dde64e37ad4402.jpg":"0bbd02c792c02dd84399421a1a11dc4e51b0fcf91002e71ecc9d024d05906c19","/static/media/awards-and-recognition12.7ecc69a18db348bc58a5.jpg":"8c5476d357eaadd251f58172f97954aedcfba1749deee1bdf8649e7cf825dea1","/static/media/awards-and-recognition1.f3209ef57bebcbeadc6b.jpg":"06eac67c2fd11799e6c40fef92cbbd92f367a1d0ce43e8a72a8cbb2d14e5afba","/static/media/awards-and-recognition7.5b278c0c569d1457cb5b.jpg":"86719246ca6e5763ebf82b96af18ed8480677a8f7b57ffb94d471cf8bf3a9405","/static/js/main.4a96e379.js":"e8dd63e51283ea2fc20c42855008c2ee9bfdb51e5521be0b99e203cc3e1b092b","/static/media/awards-and-recognition15.7509ad9d00cd4c045178.jpg":"0c8f0861361ba8a105a09206e9af4e35cfb4ce8c6166f6d13e7ac06403c24487","/static/media/awards-and-recognition3.ab77d9d4e287f379f65f.jpg":"6c55e4b818c07cb8b7e2e123eafaba5aada92224e1d7aa7c784e58f6422e604e","/static/media/awards-and-recognition5.e8449d2539ebf042193f.jpg":"25b33f3d73940477b9620e044c0268c12a2cbae396943bc0ca4a68edb936d1c6","/static/media/awards-and-recognition8.cba6b178c8f6c069bc33.jpg":"5f4801529e1930d80f582e0454551744d5a531ad8e253ca4a9a287af5b248fa7","/static/media/awards-and-recognition9.5e7753907509e009772d.jpg":"c6934bf5f6e7d48ce64026eb53f9e9eee1a9102d28d383c38979dc857aadea48","/static/media/awards-and-recognition2.5dac052d14408e4253b6.jpg":"689e9e6a71384e17965922a5453af56339234bf31f4de143e1a8cdf28626ba99","/static/media/awards-and-recognition11.976bd12816a432a87b48.jpg":"f01cf78ba555997b62cb5e7eca5b69a9d5872d34bc72ac25593ce13f6221bdad","/static/media/awards-and-recognition6.2456ea78ffaa95387da0.jpg":"80245e4a9a726ce4f4ca0c2b4db85e593e94d913d27d940f7a6fe317baf043a7","/static/media/awards-and-recognition4.30f1cf931f43b9ecea32.jpg":"5c1c5c8fe23010f4a4b3fc5febc1377c99dcde8811469d5eb3f8343f53f738ad","/static/media/awards-and-recognition16.62450d89ff2dbb485f91.jpg":"cfcae70af95a4aa2b781011750b29a9d574676a904cd1cc4ade0170a98c8abe4","/static/media/awards-and-recognition13.5d6307ec7a505d0a844c.jpg":"57d87f723da860b0fb04ea1f778b383436c4a47bf93970577b1aaf49d08675ae","/static/media/awards-and-recognition10.c2f5ad0f302299c0d2ba.jpg":"ac4bfb0c427ab24aad7812ab8e591aa1dd4cd61dbe6b093ce863dc77e3e3507f","/static/media/awards-and-recognition14.b5fc49c94796d5c57df1.jpg":"e7db5d2b68b96cb8397d35ea182f20c94bdf2c12b7d880265daf1b3c3e273cd3","/static/media/map.a2d9d4b757e4ffc0dc74.png":"737463f0dffe376cdf8631cbdf2ba4bc3fa27ff68df890873c6c724f91d67978"}}
[debug] [2026-05-18T06:28:09.657Z] <<< [apiv2][status] POST https://firebasehosting.googleapis.com/v1beta1/projects/427254650388/sites/indus-kioask/versions/9e87c56286e797cb:populateFiles 200
[debug] [2026-05-18T06:28:09.657Z] <<< [apiv2][body] POST https://firebasehosting.googleapis.com/v1beta1/projects/427254650388/sites/indus-kioask/versions/9e87c56286e797cb:populateFiles {"uploadRequiredHashes":["74a5fcc934e457ab9a4243b8279ce330771d426d77c68418a62a01db609c9578","6f7369a1b14be1c899eb6ee9116b85e2d9ad766bee585b8333d2f6c369514093","ba8f387596580eb80d5e385f4d7567f473f4df343422360e56b33c842bde6ed6","cfcde3599e6d1a8fec119ccd91b92ac065afbc74bf3afae06c6ac8a642f7cee1","8056ca4ae83d1bbb237cc9f52d8a74d28316d565ecce4aa0bb7ce4b1fab6d30f","4ba0bbbe0bcc95509e06d69f98805d1221a571ab7ed153ba54969cd00b1b823a","855356c004ecdeff6d973331d89614913fecde206a9fbf070d0ddf52f856ba98","f679cdb57986a38ddb21942641d754ec0fb80dadc4f65e507bbd126476616a79","84e30015a3b863903e0f070bf8b5346fc6320f4fe9e20de271c83a2d951555b7","cfcae70af95a4aa2b781011750b29a9d574676a904cd1cc4ade0170a98c8abe4","06eac67c2fd11799e6c40fef92cbbd92f367a1d0ce43e8a72a8cbb2d14e5afba","5c1c5c8fe23010f4a4b3fc5febc1377c99dcde8811469d5eb3f8343f53f738ad","3432ebafbebf40b08605f179a6b48aa35964639e6c29bf30b18ededc44b170a7","a98d804597582b8f51514d59cb8316ed839a0bac5c9b12d859e5e765bef42616","ef9a945957fc4960c082484256ec2d5d92f0302750b65f4e43125e5f5e9b4be6","e3dd086ff7d08a367941f0f60651ade2348cc3fd34d9c30188c3ea2f749d8227","ac4bfb0c427ab24aad7812ab8e591aa1dd4cd61dbe6b093ce863dc77e3e3507f","a4966474f5a879741384ebf98c1d55a5a762f82c5e3fe6b95df60ddaca2124a7","35b76e622f50c731a8c87765464de28fbe6ebd9021cc7a7db28bb3db66239a29","5f4801529e1930d80f582e0454551744d5a531ad8e253ca4a9a287af5b248fa7","02b83b899e1fc25999d969b336cba86715c6e66f1dc28454b168b2b9d73b0358","f35b2aab961a617712d83ae3dccecfbe03e3ccec793b609fc859ec83ca659363","86719246ca6e5763ebf82b96af18ed8480677a8f7b57ffb94d471cf8bf3a9405","ab7761394d0f051c9c3e14a6ebd7e7a5043ee8d7d07397bf8c5287add1229056","b10801a942e29d0c27f4cfd5c5c2ad2da0419ac1f674fadb849bc7a14271177b","cb672062b403231671ae4d8947a7db8ceb3d91f96b335356ef6cf8a96ae99b60","11d06d7cc75395b71056cd7f0cf7b04a7ff3c6c0e65a6133a256964cd486a5e2","e0c3bdddc83518429b010c7962e035ee52aa23dffca32e566842a419bc331598","8c5476d357eaadd251f58172f97954aedcfba1749deee1bdf8649e7cf825dea1","a2844d83970c5257b7f89c1edd20e7e642b1bafa438a88bf3104489bc963786a","0c8f0861361ba8a105a09206e9af4e35cfb4ce8c6166f6d13e7ac06403c24487","e7b2c8acbf2133b6f9f72309b9178e3efbe7b81da3dd7816a022eec01468cafd","c58a773cdbb5635408c2e19f475c4d2f496902baba65fc6db52a6baed6d217e3","cb0128287a65e77f19e839a64273b237833ff0677903109f9bf2b4cc8b0220f7","09326f08064e89077eedd8d2738069adb0f26b976d20322013a1800860b5c283","914f0291e92f11da5a9c4949ef5ef0b8edfe107b9000a5dfa1879c165d8e3c01","59ca05174d35b84809f94d6a8f352745b39adf6cc6f9c93bfe37ec193d83b4c2","7a6949fc148a730ab5ab8ac0da0d89bfc8cfdb4c40d8485a95e69bd53c826678","82134092d7cbc28589efbdcd1e3816ba24954c42aea5054f5ce4184d32900dff","ba139439bafdb4e44d45cd8d84c957fbb8fdc6b9554035a7e4230a78d38dc08e","1f973f22df61b3c480348779c97f3294435697a087ea4b13559cff987d94d4ca","b3dbe669856e08a9bb49b76ddd627062b2f201d0b82e00fb59fa662423a5910d","668c0caee50c03bb9a6797d39491cc4ed91ce619855ae9f3ef4c5b16fbbd3955","0bbd02c792c02dd84399421a1a11dc4e51b0fcf91002e71ecc9d024d05906c19","3d6a6e435d3876cb0fb06f354ca758685545880b74427320b3c1c102011e3448","25debcc57b251e302d3b57f8c2a8f29c96ef1a7664a13a7646a3c95f2a55423a","2131ec7beb15fe245ef47ee335cfdfe65957ecd5e0bb8743ddeda8c715ebdeeb","e7d50e1635cfe9d18f32ca17c57e46be000f7153bea3b4333ef3844c07ff3b9a","699d6ae5cd72dcfa63e575fff0aebda347194c81f014f7ee65d6d97ccb8ee6b8","c9ccb70d7b7054a437a6a1db6299686fe1ec19ce5cdbf19ee10989f722546eb2","5b9463bd759a5c7261c02c2c79f6100186cb830d2114f974063aea7d498054d1","a19f0cbe2e229a3598d2d8b5e4fe9e348eccee71613d020795f64e10a56f1bbc","efa1dd309abf369b62e7c46cfb4ccbeeb8ac38315c4a0d550a49dd3d7cfe8aa7","689e9e6a71384e17965922a5453af56339234bf31f4de143e1a8cdf28626ba99","a51c3500fca275152d9726cd07323c7eae597c9b63e12ab0b7bd70d1e9263b0d","2050dffe997795b7c69cc487dac18a65e9a4d6a75cd22b57628cca929aa3009d","443ee304cc05b276ab9bcf55741aa152dc8a2a24eaeac3bb512d02068a65713e","be2013a73871a65f23d8f8a3fc385e2d85017d842dc0d0ebeb53b4f5ae3fb09a","29cc0b606e2c14216dec3ac522fe59d9282ea8439c905b61efb829934d9ad845","b29c7fd67c8c809c35a8faffff5c0b73234c603519096c270acf6d855ae24cad","e7db5d2b68b96cb8397d35ea182f20c94bdf2c12b7d880265daf1b3c3e273cd3","737463f0dffe376cdf8631cbdf2ba4bc3fa27ff68df890873c6c724f91d67978","a9e02a198b53e0f92b6b2f04d940a41d81b8006257367c569bdcdf5c36e07dd8","57d87f723da860b0fb04ea1f778b383436c4a47bf93970577b1aaf49d08675ae","25b33f3d73940477b9620e044c0268c12a2cbae396943bc0ca4a68edb936d1c6","9e2e58c2bcd1a01e5ac867c661e84f746779bcb51539f9e02a3965d1950aac25","30a06085a276f3e00461822c20cb5105d3741bccf39c7bffc92611c0f7b0897e","6c55e4b818c07cb8b7e2e123eafaba5aada92224e1d7aa7c784e58f6422e604e","b6c041bda6fcfab2d30680875a4f43c551dc18345a08dda595030cb585d2c528","1201cf86687a03a30c589913372c19d80938dc48fb4bd73958bb5c81bc0ff01c","f236f91d145b20c50d32abdd253305a12bcc51f14d4906de1755eaa53ddfd70c","e8dd63e51283ea2fc20c42855008c2ee9bfdb51e5521be0b99e203cc3e1b092b","71f49bc85a6543dadd93efce4c07f1b92da9d871564af406b1086c75ef7b704e","07783ffa6fc4f61ffb4705c66bc8443f24750d9eabd56f420e37b8324dbf971c","c6934bf5f6e7d48ce64026eb53f9e9eee1a9102d28d383c38979dc857aadea48","6d1e3ff2d82666e593c646120a6259ff86276289da056b0a8981c8673e2779dc","cfdd2a4188330d381d61a75db25bb100d6e7b73af68e9168b0e4bc26e8846f55","7044c1b4e710c9edd457c5a56bb17eafaf1ec43b66568f9f2e764c9b567283f4","f01cf78ba555997b62cb5e7eca5b69a9d5872d34bc72ac25593ce13f6221bdad","b6a08c2b2e2339aba6c3a799232f563b4092b8b8736155a1af5bbe1837266741","38fce4ac50bd1250c416fef798a09d6407ced39a87b4f0b4a553b4f08c37976f","7eae5404ebeb945d0f492ac74883a9c033021d366a31adb25079a73d28dc0ed5","62c81c299dee835302462c85dba723340033718fd80d48ec8cd110e0cdfa1ca7","80245e4a9a726ce4f4ca0c2b4db85e593e94d913d27d940f7a6fe317baf043a7"],"uploadUrl":"https://upload-firebasehosting.googleapis.com/upload/sites/indus-kioask/versions/9e87c56286e797cb/files"}
[debug] [2026-05-18T06:28:09.658Z] Checked if tokens are valid: true, expires at: 1779089153431
[debug] [2026-05-18T06:28:09.658Z] Checked if tokens are valid: true, expires at: 1779089153431
[debug] [2026-05-18T06:28:09.658Z] >>> [apiv2][query] POST https://upload-firebasehosting.googleapis.com/upload/sites/indus-kioask/versions/9e87c56286e797cb/files/74a5fcc934e457ab9a4243b8279ce330771d426d77c68418a62a01db609c9578 [none]
[debug] [2026-05-18T06:28:09.658Z] >>> [apiv2][body] POST https://upload-firebasehosting.googleapis.com/upload/sites/indus-kioask/versions/9e87c56286e797cb/files/74a5fcc934e457ab9a4243b8279ce330771d426d77c68418a62a01db609c9578 [stream]
[debug] [2026-05-18T06:28:09.659Z] [hosting][populate queue][FINAL] {"max":892,"min":892,"avg":892,"active":0,"complete":1,"success":1,"errored":0,"retried":0,"total":1,"elapsed":893}
[debug] [2026-05-18T06:28:09.659Z] [hosting] uploads queued: 84
[debug] [2026-05-18T06:28:11.290Z] <<< [apiv2][status] POST https://upload-firebasehosting.googleapis.com/upload/sites/indus-kioask/versions/9e87c56286e797cb/files/74a5fcc934e457ab9a4243b8279ce330771d426d77c68418a62a01db609c9578 200
[debug] [2026-05-18T06:28:11.291Z] <<< [apiv2][body] POST https://upload-firebasehosting.googleapis.com/upload/sites/indus-kioask/versions/9e87c56286e797cb/files/74a5fcc934e457ab9a4243b8279ce330771d426d77c68418a62a01db609c9578 [stream]
[debug] [2026-05-18T06:28:11.291Z] Checked if tokens are valid: true, expires at: 1779089153431
[debug] [2026-05-18T06:28:11.291Z] Checked if tokens are valid: true, expires at: 1779089153431
[debug] [2026-05-18T06:28:11.291Z] >>> [apiv2][query] POST https://upload-firebasehosting.googleapis.com/upload/sites/indus-kioask/versions/9e87c56286e797cb/files/6f7369a1b14be1c899eb6ee9116b85e2d9ad766bee585b8333d2f6c369514093 [none]
[debug] [2026-05-18T06:28:11.291Z] >>> [apiv2][body] POST https://upload-firebasehosting.googleapis.com/upload/sites/indus-kioask/versions/9e87c56286e797cb/files/6f7369a1b14be1c899eb6ee9116b85e2d9ad766bee585b8333d2f6c369514093 [stream]
[debug] [2026-05-18T06:28:13.108Z] <<< [apiv2][status] POST https://upload-firebasehosting.googleapis.com/upload/sites/indus-kioask/versions/9e87c56286e797cb/files/6f7369a1b14be1c899eb6ee9116b85e2d9ad766bee585b8333d2f6c369514093 200
[debug] [2026-05-18T06:28:13.108Z] <<< [apiv2][body] POST https://upload-firebasehosting.googleapis.com/upload/sites/indus-kioask/versions/9e87c56286e797cb/files/6f7369a1b14be1c899eb6ee9116b85e2d9ad766bee585b8333d2f6c369514093 [stream]
[debug] [2026-05-18T06:28:13.108Z] Checked if tokens are valid: true, expires at: 1779089153431
[debug] [2026-05-18T06:28:13.108Z] Checked if tokens are valid: true, expires at: 1779089153431
[debug] [2026-05-18T06:28:13.108Z] >>> [apiv2][query] POST https://upload-firebasehosting.googleapis.com/upload/sites/indus-kioask/versions/9e87c56286e797cb/files/ba8f387596580eb80d5e385f4d7567f473f4df343422360e56b33c842bde6ed6 [none]
[debug] [2026-05-18T06:28:13.108Z] >>> [apiv2][body] POST https://upload-firebasehosting.googleapis.com/upload/sites/indus-kioask/versions/9e87c56286e797cb/files/ba8f387596580eb80d5e385f4d7567f473f4df343422360e56b33c842bde6ed6 [stream]
[debug] [2026-05-18T06:28:14.677Z] <<< [apiv2][status] POST https://upload-firebasehosting.googleapis.com/upload/sites/indus-kioask/versions/9e87c56286e797cb/files/ba8f387596580eb80d5e385f4d7567f473f4df343422360e56b33c842bde6ed6 200
[debug] [2026-05-18T06:28:14.677Z] <<< [apiv2][body] POST https://upload-firebasehosting.googleapis.com/upload/sites/indus-kioask/versions/9e87c56286e797cb/files/ba8f387596580eb80d5e385f4d7567f473f4df343422360e56b33c842bde6ed6 [stream]
[debug] [2026-05-18T06:28:14.677Z] Checked if tokens are valid: true, expires at: 1779089153431
[debug] [2026-05-18T06:28:14.677Z] Checked if tokens are valid: true, expires at: 1779089153431
[debug] [2026-05-18T06:28:14.677Z] >>> [apiv2][query] POST https://upload-firebasehosting.googleapis.com/upload/sites/indus-kioask/versions/9e87c56286e797cb/files/cfcde3599e6d1a8fec119ccd91b92ac065afbc74bf3afae06c6ac8a642f7cee1 [none]
[debug] [2026-05-18T06:28:14.678Z] >>> [apiv2][body] POST https://upload-firebasehosting.googleapis.com/upload/sites/indus-kioask/versions/9e87c56286e797cb/files/cfcde3599e6d1a8fec119ccd91b92ac065afbc74bf3afae06c6ac8a642f7cee1 [stream]
[debug] [2026-05-18T06:28:16.137Z] <<< [apiv2][status] POST https://upload-firebasehosting.googleapis.com/upload/sites/indus-kioask/versions/9e87c56286e797cb/files/cfcde3599e6d1a8fec119ccd91b92ac065afbc74bf3afae06c6ac8a642f7cee1 200
[debug] [2026-05-18T06:28:16.137Z] <<< [apiv2][body] POST https://upload-firebasehosting.googleapis.com/upload/sites/indus-kioask/versions/9e87c56286e797cb/files/cfcde3599e6d1a8fec119ccd91b92ac065afbc74bf3afae06c6ac8a642f7cee1 [stream]
[debug] [2026-05-18T06:28:16.137Z] Checked if tokens are valid: true, expires at: 1779089153431
[debug] [2026-05-18T06:28:16.137Z] Checked if tokens are valid: true, expires at: 1779089153431
[debug] [2026-05-18T06:28:16.137Z] >>> [apiv2][query] POST https://upload-firebasehosting.googleapis.com/upload/sites/indus-kioask/versions/9e87c56286e797cb/files/8056ca4ae83d1bbb237cc9f52d8a74d28316d565ecce4aa0bb7ce4b1fab6d30f [none]
[debug] [2026-05-18T06:28:16.137Z] >>> [apiv2][body] POST https://upload-firebasehosting.googleapis.com/upload/sites/indus-kioask/versions/9e87c56286e797cb/files/8056ca4ae83d1bbb237cc9f52d8a74d28316d565ecce4aa0bb7ce4b1fab6d30f [stream]
[debug] [2026-05-18T06:28:17.864Z] <<< [apiv2][status] POST https://upload-firebasehosting.googleapis.com/upload/sites/indus-kioask/versions/9e87c56286e797cb/files/8056ca4ae83d1bbb237cc9f52d8a74d28316d565ecce4aa0bb7ce4b1fab6d30f 200
[debug] [2026-05-18T06:28:17.864Z] <<< [apiv2][body] POST https://upload-firebasehosting.googleapis.com/upload/sites/indus-kioask/versions/9e87c56286e797cb/files/8056ca4ae83d1bbb237cc9f52d8a74d28316d565ecce4aa0bb7ce4b1fab6d30f [stream]
[debug] [2026-05-18T06:28:17.864Z] Checked if tokens are valid: true, expires at: 1779089153431
[debug] [2026-05-18T06:28:17.864Z] Checked if tokens are valid: true, expires at: 1779089153431
[debug] [2026-05-18T06:28:17.864Z] >>> [apiv2][query] POST https://upload-firebasehosting.googleapis.com/upload/sites/indus-kioask/versions/9e87c56286e797cb/files/4ba0bbbe0bcc95509e06d69f98805d1221a571ab7ed153ba54969cd00b1b823a [none]
[debug] [2026-05-18T06:28:17.864Z] >>> [apiv2][body] POST https://upload-firebasehosting.googleapis.com/upload/sites/indus-kioask/versions/9e87c56286e797cb/files/4ba0bbbe0bcc95509e06d69f98805d1221a571ab7ed153ba54969cd00b1b823a [stream]
[debug] [2026-05-18T06:28:19.549Z] <<< [apiv2][status] POST https://upload-firebasehosting.googleapis.com/upload/sites/indus-kioask/versions/9e87c56286e797cb/files/4ba0bbbe0bcc95509e06d69f98805d1221a571ab7ed153ba54969cd00b1b823a 200
[debug] [2026-05-18T06:28:19.549Z] <<< [apiv2][body] POST https://upload-firebasehosting.googleapis.com/upload/sites/indus-kioask/versions/9e87c56286e797cb/files/4ba0bbbe0bcc95509e06d69f98805d1221a571ab7ed153ba54969cd00b1b823a [stream]
[debug] [2026-05-18T06:28:19.549Z] Checked if tokens are valid: true, expires at: 1779089153431
[debug] [2026-05-18T06:28:19.549Z] Checked if tokens are valid: true, expires at: 1779089153431
[debug] [2026-05-18T06:28:19.549Z] >>> [apiv2][query] POST https://upload-firebasehosting.googleapis.com/upload/sites/indus-kioask/versions/9e87c56286e797cb/files/855356c004ecdeff6d973331d89614913fecde206a9fbf070d0ddf52f856ba98 [none]
[debug] [2026-05-18T06:28:19.549Z] >>> [apiv2][body] POST https://upload-firebasehosting.googleapis.com/upload/sites/indus-kioask/versions/9e87c56286e797cb/files/855356c004ecdeff6d973331d89614913fecde206a9fbf070d0ddf52f856ba98 [stream]
[debug] [2026-05-18T06:28:21.337Z] <<< [apiv2][status] POST https://upload-firebasehosting.googleapis.com/upload/sites/indus-kioask/versions/9e87c56286e797cb/files/855356c004ecdeff6d973331d89614913fecde206a9fbf070d0ddf52f856ba98 200
[debug] [2026-05-18T06:28:21.338Z] <<< [apiv2][body] POST https://upload-firebasehosting.googleapis.com/upload/sites/indus-kioask/versions/9e87c56286e797cb/files/855356c004ecdeff6d973331d89614913fecde206a9fbf070d0ddf52f856ba98 [stream]
[debug] [2026-05-18T06:28:21.338Z] Checked if tokens are valid: true, expires at: 1779089153431
[debug] [2026-05-18T06:28:21.338Z] Checked if tokens are valid: true, expires at: 1779089153431
[debug] [2026-05-18T06:28:21.338Z] >>> [apiv2][query] POST https://upload-firebasehosting.googleapis.com/upload/sites/indus-kioask/versions/9e87c56286e797cb/files/f679cdb57986a38ddb21942641d754ec0fb80dadc4f65e507bbd126476616a79 [none]
[debug] [2026-05-18T06:28:21.338Z] >>> [apiv2][body] POST https://upload-firebasehosting.googleapis.com/upload/sites/indus-kioask/versions/9e87c56286e797cb/files/f679cdb57986a38ddb21942641d754ec0fb80dadc4f65e507bbd126476616a79 [stream]
[debug] [2026-05-18T06:28:22.914Z] <<< [apiv2][status] POST https://upload-firebasehosting.googleapis.com/upload/sites/indus-kioask/versions/9e87c56286e797cb/files/f679cdb57986a38ddb21942641d754ec0fb80dadc4f65e507bbd126476616a79 200
[debug] [2026-05-18T06:28:22.914Z] <<< [apiv2][body] POST https://upload-firebasehosting.googleapis.com/upload/sites/indus-kioask/versions/9e87c56286e797cb/files/f679cdb57986a38ddb21942641d754ec0fb80dadc4f65e507bbd126476616a79 [stream]
[debug] [2026-05-18T06:28:22.914Z] Checked if tokens are valid: true, expires at: 1779089153431
[debug] [2026-05-18T06:28:22.914Z] Checked if tokens are valid: true, expires at: 1779089153431
[debug] [2026-05-18T06:28:22.914Z] >>> [apiv2][query] POST https://upload-firebasehosting.googleapis.com/upload/sites/indus-kioask/versions/9e87c56286e797cb/files/84e30015a3b863903e0f070bf8b5346fc6320f4fe9e20de271c83a2d951555b7 [none]
[debug] [2026-05-18T06:28:22.914Z] >>> [apiv2][body] POST https://upload-firebasehosting.googleapis.com/upload/sites/indus-kioask/versions/9e87c56286e797cb/files/84e30015a3b863903e0f070bf8b5346fc6320f4fe9e20de271c83a2d951555b7 [stream]
[debug] [2026-05-18T06:28:24.368Z] <<< [apiv2][status] POST https://upload-firebasehosting.googleapis.com/upload/sites/indus-kioask/versions/9e87c56286e797cb/files/84e30015a3b863903e0f070bf8b5346fc6320f4fe9e20de271c83a2d951555b7 200
[debug] [2026-05-18T06:28:24.368Z] <<< [apiv2][body] POST https://upload-firebasehosting.googleapis.com/upload/sites/indus-kioask/versions/9e87c56286e797cb/files/84e30015a3b863903e0f070bf8b5346fc6320f4fe9e20de271c83a2d951555b7 [stream]
[debug] [2026-05-18T06:28:24.368Z] Checked if tokens are valid: true, expires at: 1779089153431
[debug] [2026-05-18T06:28:24.368Z] Checked if tokens are valid: true, expires at: 1779089153431
[debug] [2026-05-18T06:28:24.368Z] >>> [apiv2][query] POST https://upload-firebasehosting.googleapis.com/upload/sites/indus-kioask/versions/9e87c56286e797cb/files/cfcae70af95a4aa2b781011750b29a9d574676a904cd1cc4ade0170a98c8abe4 [none]
[debug] [2026-05-18T06:28:24.368Z] >>> [apiv2][body] POST https://upload-firebasehosting.googleapis.com/upload/sites/indus-kioask/versions/9e87c56286e797cb/files/cfcae70af95a4aa2b781011750b29a9d574676a904cd1cc4ade0170a98c8abe4 [stream]
[debug] [2026-05-18T06:28:26.119Z] <<< [apiv2][status] POST https://upload-firebasehosting.googleapis.com/upload/sites/indus-kioask/versions/9e87c56286e797cb/files/cfcae70af95a4aa2b781011750b29a9d574676a904cd1cc4ade0170a98c8abe4 200
[debug] [2026-05-18T06:28:26.119Z] <<< [apiv2][body] POST https://upload-firebasehosting.googleapis.com/upload/sites/indus-kioask/versions/9e87c56286e797cb/files/cfcae70af95a4aa2b781011750b29a9d574676a904cd1cc4ade0170a98c8abe4 [stream]
[debug] [2026-05-18T06:28:26.119Z] Checked if tokens are valid: true, expires at: 1779089153431
[debug] [2026-05-18T06:28:26.119Z] Checked if tokens are valid: true, expires at: 1779089153431
[debug] [2026-05-18T06:28:26.119Z] >>> [apiv2][query] POST https://upload-firebasehosting.googleapis.com/upload/sites/indus-kioask/versions/9e87c56286e797cb/files/06eac67c2fd11799e6c40fef92cbbd92f367a1d0ce43e8a72a8cbb2d14e5afba [none]
[debug] [2026-05-18T06:28:26.119Z] >>> [apiv2][body] POST https://upload-firebasehosting.googleapis.com/upload/sites/indus-kioask/versions/9e87c56286e797cb/files/06eac67c2fd11799e6c40fef92cbbd92f367a1d0ce43e8a72a8cbb2d14e5afba [stream]
[debug] [2026-05-18T06:28:27.746Z] <<< [apiv2][status] POST https://upload-firebasehosting.googleapis.com/upload/sites/indus-kioask/versions/9e87c56286e797cb/files/06eac67c2fd11799e6c40fef92cbbd92f367a1d0ce43e8a72a8cbb2d14e5afba 200
[debug] [2026-05-18T06:28:27.746Z] <<< [apiv2][body] POST https://upload-firebasehosting.googleapis.com/upload/sites/indus-kioask/versions/9e87c56286e797cb/files/06eac67c2fd11799e6c40fef92cbbd92f367a1d0ce43e8a72a8cbb2d14e5afba [stream]
[debug] [2026-05-18T06:28:27.746Z] Checked if tokens are valid: true, expires at: 1779089153431
[debug] [2026-05-18T06:28:27.747Z] Checked if tokens are valid: true, expires at: 1779089153431
[debug] [2026-05-18T06:28:27.747Z] >>> [apiv2][query] POST https://upload-firebasehosting.googleapis.com/upload/sites/indus-kioask/versions/9e87c56286e797cb/files/5c1c5c8fe23010f4a4b3fc5febc1377c99dcde8811469d5eb3f8343f53f738ad [none]
[debug] [2026-05-18T06:28:27.747Z] >>> [apiv2][body] POST https://upload-firebasehosting.googleapis.com/upload/sites/indus-kioask/versions/9e87c56286e797cb/files/5c1c5c8fe23010f4a4b3fc5febc1377c99dcde8811469d5eb3f8343f53f738ad [stream]
[debug] [2026-05-18T06:28:29.384Z] <<< [apiv2][status] POST https://upload-firebasehosting.googleapis.com/upload/sites/indus-kioask/versions/9e87c56286e797cb/files/5c1c5c8fe23010f4a4b3fc5febc1377c99dcde8811469d5eb3f8343f53f738ad 200
[debug] [2026-05-18T06:28:29.384Z] <<< [apiv2][body] POST https://upload-firebasehosting.googleapis.com/upload/sites/indus-kioask/versions/9e87c56286e797cb/files/5c1c5c8fe23010f4a4b3fc5febc1377c99dcde8811469d5eb3f8343f53f738ad [stream]
[debug] [2026-05-18T06:28:29.385Z] Checked if tokens are valid: true, expires at: 1779089153431
[debug] [2026-05-18T06:28:29.385Z] Checked if tokens are valid: true, expires at: 1779089153431
[debug] [2026-05-18T06:28:29.385Z] >>> [apiv2][query] POST https://upload-firebasehosting.googleapis.com/upload/sites/indus-kioask/versions/9e87c56286e797cb/files/3432ebafbebf40b08605f179a6b48aa35964639e6c29bf30b18ededc44b170a7 [none]
[debug] [2026-05-18T06:28:29.385Z] >>> [apiv2][body] POST https://upload-firebasehosting.googleapis.com/upload/sites/indus-kioask/versions/9e87c56286e797cb/files/3432ebafbebf40b08605f179a6b48aa35964639e6c29bf30b18ededc44b170a7 [stream]
[debug] [2026-05-18T06:28:30.935Z] <<< [apiv2][status] POST https://upload-firebasehosting.googleapis.com/upload/sites/indus-kioask/versions/9e87c56286e797cb/files/3432ebafbebf40b08605f179a6b48aa35964639e6c29bf30b18ededc44b170a7 200
[debug] [2026-05-18T06:28:30.935Z] <<< [apiv2][body] POST https://upload-firebasehosting.googleapis.com/upload/sites/indus-kioask/versions/9e87c56286e797cb/files/3432ebafbebf40b08605f179a6b48aa35964639e6c29bf30b18ededc44b170a7 [stream]
[debug] [2026-05-18T06:28:30.935Z] Checked if tokens are valid: true, expires at: 1779089153431
[debug] [2026-05-18T06:28:30.935Z] Checked if tokens are valid: true, expires at: 1779089153431
[debug] [2026-05-18T06:28:30.935Z] >>> [apiv2][query] POST https://upload-firebasehosting.googleapis.com/upload/sites/indus-kioask/versions/9e87c56286e797cb/files/a98d804597582b8f51514d59cb8316ed839a0bac5c9b12d859e5e765bef42616 [none]
[debug] [2026-05-18T06:28:30.935Z] >>> [apiv2][body] POST https://upload-firebasehosting.googleapis.com/upload/sites/indus-kioask/versions/9e87c56286e797cb/files/a98d804597582b8f51514d59cb8316ed839a0bac5c9b12d859e5e765bef42616 [stream]
[debug] [2026-05-18T06:28:32.283Z] <<< [apiv2][status] POST https://upload-firebasehosting.googleapis.com/upload/sites/indus-kioask/versions/9e87c56286e797cb/files/a98d804597582b8f51514d59cb8316ed839a0bac5c9b12d859e5e765bef42616 200
[debug] [2026-05-18T06:28:32.283Z] <<< [apiv2][body] POST https://upload-firebasehosting.googleapis.com/upload/sites/indus-kioask/versions/9e87c56286e797cb/files/a98d804597582b8f51514d59cb8316ed839a0bac5c9b12d859e5e765bef42616 [stream]
[debug] [2026-05-18T06:28:32.283Z] Checked if tokens are valid: true, expires at: 1779089153431
[debug] [2026-05-18T06:28:32.283Z] Checked if tokens are valid: true, expires at: 1779089153431
[debug] [2026-05-18T06:28:32.283Z] >>> [apiv2][query] POST https://upload-firebasehosting.googleapis.com/upload/sites/indus-kioask/versions/9e87c56286e797cb/files/ef9a945957fc4960c082484256ec2d5d92f0302750b65f4e43125e5f5e9b4be6 [none]
[debug] [2026-05-18T06:28:32.283Z] >>> [apiv2][body] POST https://upload-firebasehosting.googleapis.com/upload/sites/indus-kioask/versions/9e87c56286e797cb/files/ef9a945957fc4960c082484256ec2d5d92f0302750b65f4e43125e5f5e9b4be6 [stream]
[debug] [2026-05-18T06:28:33.828Z] <<< [apiv2][status] POST https://upload-firebasehosting.googleapis.com/upload/sites/indus-kioask/versions/9e87c56286e797cb/files/ef9a945957fc4960c082484256ec2d5d92f0302750b65f4e43125e5f5e9b4be6 200
[debug] [2026-05-18T06:28:33.828Z] <<< [apiv2][body] POST https://upload-firebasehosting.googleapis.com/upload/sites/indus-kioask/versions/9e87c56286e797cb/files/ef9a945957fc4960c082484256ec2d5d92f0302750b65f4e43125e5f5e9b4be6 [stream]
[debug] [2026-05-18T06:28:33.828Z] Checked if tokens are valid: true, expires at: 1779089153431
[debug] [2026-05-18T06:28:33.828Z] Checked if tokens are valid: true, expires at: 1779089153431
[debug] [2026-05-18T06:28:33.828Z] >>> [apiv2][query] POST https://upload-firebasehosting.googleapis.com/upload/sites/indus-kioask/versions/9e87c56286e797cb/files/e3dd086ff7d08a367941f0f60651ade2348cc3fd34d9c30188c3ea2f749d8227 [none]
[debug] [2026-05-18T06:28:33.828Z] >>> [apiv2][body] POST https://upload-firebasehosting.googleapis.com/upload/sites/indus-kioask/versions/9e87c56286e797cb/files/e3dd086ff7d08a367941f0f60651ade2348cc3fd34d9c30188c3ea2f749d8227 [stream]
[debug] [2026-05-18T06:28:35.592Z] <<< [apiv2][status] POST https://upload-firebasehosting.googleapis.com/upload/sites/indus-kioask/versions/9e87c56286e797cb/files/e3dd086ff7d08a367941f0f60651ade2348cc3fd34d9c30188c3ea2f749d8227 200
[debug] [2026-05-18T06:28:35.592Z] <<< [apiv2][body] POST https://upload-firebasehosting.googleapis.com/upload/sites/indus-kioask/versions/9e87c56286e797cb/files/e3dd086ff7d08a367941f0f60651ade2348cc3fd34d9c30188c3ea2f749d8227 [stream]
[debug] [2026-05-18T06:28:35.592Z] Checked if tokens are valid: true, expires at: 1779089153431
[debug] [2026-05-18T06:28:35.592Z] Checked if tokens are valid: true, expires at: 1779089153431
[debug] [2026-05-18T06:28:35.592Z] >>> [apiv2][query] POST https://upload-firebasehosting.googleapis.com/upload/sites/indus-kioask/versions/9e87c56286e797cb/files/ac4bfb0c427ab24aad7812ab8e591aa1dd4cd61dbe6b093ce863dc77e3e3507f [none]
[debug] [2026-05-18T06:28:35.592Z] >>> [apiv2][body] POST https://upload-firebasehosting.googleapis.com/upload/sites/indus-kioask/versions/9e87c56286e797cb/files/ac4bfb0c427ab24aad7812ab8e591aa1dd4cd61dbe6b093ce863dc77e3e3507f [stream]
[debug] [2026-05-18T06:28:37.667Z] <<< [apiv2][status] POST https://upload-firebasehosting.googleapis.com/upload/sites/indus-kioask/versions/9e87c56286e797cb/files/ac4bfb0c427ab24aad7812ab8e591aa1dd4cd61dbe6b093ce863dc77e3e3507f 200
[debug] [2026-05-18T06:28:37.668Z] <<< [apiv2][body] POST https://upload-firebasehosting.googleapis.com/upload/sites/indus-kioask/versions/9e87c56286e797cb/files/ac4bfb0c427ab24aad7812ab8e591aa1dd4cd61dbe6b093ce863dc77e3e3507f [stream]
[debug] [2026-05-18T06:28:37.668Z] Checked if tokens are valid: true, expires at: 1779089153431
[debug] [2026-05-18T06:28:37.668Z] Checked if tokens are valid: true, expires at: 1779089153431
[debug] [2026-05-18T06:28:37.668Z] >>> [apiv2][query] POST https://upload-firebasehosting.googleapis.com/upload/sites/indus-kioask/versions/9e87c56286e797cb/files/a4966474f5a879741384ebf98c1d55a5a762f82c5e3fe6b95df60ddaca2124a7 [none]
[debug] [2026-05-18T06:28:37.668Z] >>> [apiv2][body] POST https://upload-firebasehosting.googleapis.com/upload/sites/indus-kioask/versions/9e87c56286e797cb/files/a4966474f5a879741384ebf98c1d55a5a762f82c5e3fe6b95df60ddaca2124a7 [stream]
[debug] [2026-05-18T06:28:39.433Z] <<< [apiv2][status] POST https://upload-firebasehosting.googleapis.com/upload/sites/indus-kioask/versions/9e87c56286e797cb/files/a4966474f5a879741384ebf98c1d55a5a762f82c5e3fe6b95df60ddaca2124a7 200
[debug] [2026-05-18T06:28:39.433Z] <<< [apiv2][body] POST https://upload-firebasehosting.googleapis.com/upload/sites/indus-kioask/versions/9e87c56286e797cb/files/a4966474f5a879741384ebf98c1d55a5a762f82c5e3fe6b95df60ddaca2124a7 [stream]
[debug] [2026-05-18T06:28:39.433Z] Checked if tokens are valid: true, expires at: 1779089153431
[debug] [2026-05-18T06:28:39.433Z] Checked if tokens are valid: true, expires at: 1779089153431
[debug] [2026-05-18T06:28:39.434Z] >>> [apiv2][query] POST https://upload-firebasehosting.googleapis.com/upload/sites/indus-kioask/versions/9e87c56286e797cb/files/35b76e622f50c731a8c87765464de28fbe6ebd9021cc7a7db28bb3db66239a29 [none]
[debug] [2026-05-18T06:28:39.434Z] >>> [apiv2][body] POST https://upload-firebasehosting.googleapis.com/upload/sites/indus-kioask/versions/9e87c56286e797cb/files/35b76e622f50c731a8c87765464de28fbe6ebd9021cc7a7db28bb3db66239a29 [stream]
[debug] [2026-05-18T06:28:41.004Z] <<< [apiv2][status] POST https://upload-firebasehosting.googleapis.com/upload/sites/indus-kioask/versions/9e87c56286e797cb/files/35b76e622f50c731a8c87765464de28fbe6ebd9021cc7a7db28bb3db66239a29 200
[debug] [2026-05-18T06:28:41.004Z] <<< [apiv2][body] POST https://upload-firebasehosting.googleapis.com/upload/sites/indus-kioask/versions/9e87c56286e797cb/files/35b76e622f50c731a8c87765464de28fbe6ebd9021cc7a7db28bb3db66239a29 [stream]
[debug] [2026-05-18T06:28:41.005Z] Checked if tokens are valid: true, expires at: 1779089153431
[debug] [2026-05-18T06:28:41.005Z] Checked if tokens are valid: true, expires at: 1779089153431
[debug] [2026-05-18T06:28:41.005Z] >>> [apiv2][query] POST https://upload-firebasehosting.googleapis.com/upload/sites/indus-kioask/versions/9e87c56286e797cb/files/5f4801529e1930d80f582e0454551744d5a531ad8e253ca4a9a287af5b248fa7 [none]
[debug] [2026-05-18T06:28:41.005Z] >>> [apiv2][body] POST https://upload-firebasehosting.googleapis.com/upload/sites/indus-kioask/versions/9e87c56286e797cb/files/5f4801529e1930d80f582e0454551744d5a531ad8e253ca4a9a287af5b248fa7 [stream]
[debug] [2026-05-18T06:28:42.872Z] <<< [apiv2][status] POST https://upload-firebasehosting.googleapis.com/upload/sites/indus-kioask/versions/9e87c56286e797cb/files/5f4801529e1930d80f582e0454551744d5a531ad8e253ca4a9a287af5b248fa7 200
[debug] [2026-05-18T06:28:42.872Z] <<< [apiv2][body] POST https://upload-firebasehosting.googleapis.com/upload/sites/indus-kioask/versions/9e87c56286e797cb/files/5f4801529e1930d80f582e0454551744d5a531ad8e253ca4a9a287af5b248fa7 [stream]
[debug] [2026-05-18T06:28:42.872Z] Checked if tokens are valid: true, expires at: 1779089153431
[debug] [2026-05-18T06:28:42.872Z] Checked if tokens are valid: true, expires at: 1779089153431
[debug] [2026-05-18T06:28:42.872Z] >>> [apiv2][query] POST https://upload-firebasehosting.googleapis.com/upload/sites/indus-kioask/versions/9e87c56286e797cb/files/02b83b899e1fc25999d969b336cba86715c6e66f1dc28454b168b2b9d73b0358 [none]
[debug] [2026-05-18T06:28:42.872Z] >>> [apiv2][body] POST https://upload-firebasehosting.googleapis.com/upload/sites/indus-kioask/versions/9e87c56286e797cb/files/02b83b899e1fc25999d969b336cba86715c6e66f1dc28454b168b2b9d73b0358 [stream]
[debug] [2026-05-18T06:28:44.384Z] <<< [apiv2][status] POST https://upload-firebasehosting.googleapis.com/upload/sites/indus-kioask/versions/9e87c56286e797cb/files/02b83b899e1fc25999d969b336cba86715c6e66f1dc28454b168b2b9d73b0358 200
[debug] [2026-05-18T06:28:44.384Z] <<< [apiv2][body] POST https://upload-firebasehosting.googleapis.com/upload/sites/indus-kioask/versions/9e87c56286e797cb/files/02b83b899e1fc25999d969b336cba86715c6e66f1dc28454b168b2b9d73b0358 [stream]
[debug] [2026-05-18T06:28:44.384Z] Checked if tokens are valid: true, expires at: 1779089153431
[debug] [2026-05-18T06:28:44.384Z] Checked if tokens are valid: true, expires at: 1779089153431
[debug] [2026-05-18T06:28:44.384Z] >>> [apiv2][query] POST https://upload-firebasehosting.googleapis.com/upload/sites/indus-kioask/versions/9e87c56286e797cb/files/f35b2aab961a617712d83ae3dccecfbe03e3ccec793b609fc859ec83ca659363 [none]
[debug] [2026-05-18T06:28:44.384Z] >>> [apiv2][body] POST https://upload-firebasehosting.googleapis.com/upload/sites/indus-kioask/versions/9e87c56286e797cb/files/f35b2aab961a617712d83ae3dccecfbe03e3ccec793b609fc859ec83ca659363 [stream]
[debug] [2026-05-18T06:28:45.695Z] <<< [apiv2][status] POST https://upload-firebasehosting.googleapis.com/upload/sites/indus-kioask/versions/9e87c56286e797cb/files/f35b2aab961a617712d83ae3dccecfbe03e3ccec793b609fc859ec83ca659363 200
[debug] [2026-05-18T06:28:45.696Z] <<< [apiv2][body] POST https://upload-firebasehosting.googleapis.com/upload/sites/indus-kioask/versions/9e87c56286e797cb/files/f35b2aab961a617712d83ae3dccecfbe03e3ccec793b609fc859ec83ca659363 [stream]
[debug] [2026-05-18T06:28:45.696Z] Checked if tokens are valid: true, expires at: 1779089153431
[debug] [2026-05-18T06:28:45.696Z] Checked if tokens are valid: true, expires at: 1779089153431
[debug] [2026-05-18T06:28:45.696Z] >>> [apiv2][query] POST https://upload-firebasehosting.googleapis.com/upload/sites/indus-kioask/versions/9e87c56286e797cb/files/86719246ca6e5763ebf82b96af18ed8480677a8f7b57ffb94d471cf8bf3a9405 [none]
[debug] [2026-05-18T06:28:45.696Z] >>> [apiv2][body] POST https://upload-firebasehosting.googleapis.com/upload/sites/indus-kioask/versions/9e87c56286e797cb/files/86719246ca6e5763ebf82b96af18ed8480677a8f7b57ffb94d471cf8bf3a9405 [stream]
[debug] [2026-05-18T06:28:47.803Z] <<< [apiv2][status] POST https://upload-firebasehosting.googleapis.com/upload/sites/indus-kioask/versions/9e87c56286e797cb/files/86719246ca6e5763ebf82b96af18ed8480677a8f7b57ffb94d471cf8bf3a9405 200
[debug] [2026-05-18T06:28:47.803Z] <<< [apiv2][body] POST https://upload-firebasehosting.googleapis.com/upload/sites/indus-kioask/versions/9e87c56286e797cb/files/86719246ca6e5763ebf82b96af18ed8480677a8f7b57ffb94d471cf8bf3a9405 [stream]
[debug] [2026-05-18T06:28:47.803Z] Checked if tokens are valid: true, expires at: 1779089153431
[debug] [2026-05-18T06:28:47.803Z] Checked if tokens are valid: true, expires at: 1779089153431
[debug] [2026-05-18T06:28:47.803Z] >>> [apiv2][query] POST https://upload-firebasehosting.googleapis.com/upload/sites/indus-kioask/versions/9e87c56286e797cb/files/ab7761394d0f051c9c3e14a6ebd7e7a5043ee8d7d07397bf8c5287add1229056 [none]
[debug] [2026-05-18T06:28:47.803Z] >>> [apiv2][body] POST https://upload-firebasehosting.googleapis.com/upload/sites/indus-kioask/versions/9e87c56286e797cb/files/ab7761394d0f051c9c3e14a6ebd7e7a5043ee8d7d07397bf8c5287add1229056 [stream]
[debug] [2026-05-18T06:28:49.361Z] <<< [apiv2][status] POST https://upload-firebasehosting.googleapis.com/upload/sites/indus-kioask/versions/9e87c56286e797cb/files/ab7761394d0f051c9c3e14a6ebd7e7a5043ee8d7d07397bf8c5287add1229056 200
[debug] [2026-05-18T06:28:49.361Z] <<< [apiv2][body] POST https://upload-firebasehosting.googleapis.com/upload/sites/indus-kioask/versions/9e87c56286e797cb/files/ab7761394d0f051c9c3e14a6ebd7e7a5043ee8d7d07397bf8c5287add1229056 [stream]
[debug] [2026-05-18T06:28:49.361Z] Checked if tokens are valid: true, expires at: 1779089153431
[debug] [2026-05-18T06:28:49.361Z] Checked if tokens are valid: true, expires at: 1779089153431
[debug] [2026-05-18T06:28:49.361Z] >>> [apiv2][query] POST https://upload-firebasehosting.googleapis.com/upload/sites/indus-kioask/versions/9e87c56286e797cb/files/b10801a942e29d0c27f4cfd5c5c2ad2da0419ac1f674fadb849bc7a14271177b [none]
[debug] [2026-05-18T06:28:49.361Z] >>> [apiv2][body] POST https://upload-firebasehosting.googleapis.com/upload/sites/indus-kioask/versions/9e87c56286e797cb/files/b10801a942e29d0c27f4cfd5c5c2ad2da0419ac1f674fadb849bc7a14271177b [stream]
[debug] [2026-05-18T06:28:50.971Z] <<< [apiv2][status] POST https://upload-firebasehosting.googleapis.com/upload/sites/indus-kioask/versions/9e87c56286e797cb/files/b10801a942e29d0c27f4cfd5c5c2ad2da0419ac1f674fadb849bc7a14271177b 200
[debug] [2026-05-18T06:28:50.971Z] <<< [apiv2][body] POST https://upload-firebasehosting.googleapis.com/upload/sites/indus-kioask/versions/9e87c56286e797cb/files/b10801a942e29d0c27f4cfd5c5c2ad2da0419ac1f674fadb849bc7a14271177b [stream]
[debug] [2026-05-18T06:28:50.971Z] Checked if tokens are valid: true, expires at: 1779089153431
[debug] [2026-05-18T06:28:50.972Z] Checked if tokens are valid: true, expires at: 1779089153431
[debug] [2026-05-18T06:28:50.972Z] >>> [apiv2][query] POST https://upload-firebasehosting.googleapis.com/upload/sites/indus-kioask/versions/9e87c56286e797cb/files/cb672062b403231671ae4d8947a7db8ceb3d91f96b335356ef6cf8a96ae99b60 [none]
[debug] [2026-05-18T06:28:50.972Z] >>> [apiv2][body] POST https://upload-firebasehosting.googleapis.com/upload/sites/indus-kioask/versions/9e87c56286e797cb/files/cb672062b403231671ae4d8947a7db8ceb3d91f96b335356ef6cf8a96ae99b60 [stream]
[debug] [2026-05-18T06:28:52.500Z] <<< [apiv2][status] POST https://upload-firebasehosting.googleapis.com/upload/sites/indus-kioask/versions/9e87c56286e797cb/files/cb672062b403231671ae4d8947a7db8ceb3d91f96b335356ef6cf8a96ae99b60 200
[debug] [2026-05-18T06:28:52.501Z] <<< [apiv2][body] POST https://upload-firebasehosting.googleapis.com/upload/sites/indus-kioask/versions/9e87c56286e797cb/files/cb672062b403231671ae4d8947a7db8ceb3d91f96b335356ef6cf8a96ae99b60 [stream]
[debug] [2026-05-18T06:28:52.501Z] Checked if tokens are valid: true, expires at: 1779089153431
[debug] [2026-05-18T06:28:52.501Z] Checked if tokens are valid: true, expires at: 1779089153431
[debug] [2026-05-18T06:28:52.501Z] >>> [apiv2][query] POST https://upload-firebasehosting.googleapis.com/upload/sites/indus-kioask/versions/9e87c56286e797cb/files/11d06d7cc75395b71056cd7f0cf7b04a7ff3c6c0e65a6133a256964cd486a5e2 [none]
[debug] [2026-05-18T06:28:52.501Z] >>> [apiv2][body] POST https://upload-firebasehosting.googleapis.com/upload/sites/indus-kioask/versions/9e87c56286e797cb/files/11d06d7cc75395b71056cd7f0cf7b04a7ff3c6c0e65a6133a256964cd486a5e2 [stream]
[debug] [2026-05-18T06:28:53.755Z] <<< [apiv2][status] POST https://upload-firebasehosting.googleapis.com/upload/sites/indus-kioask/versions/9e87c56286e797cb/files/11d06d7cc75395b71056cd7f0cf7b04a7ff3c6c0e65a6133a256964cd486a5e2 200
[debug] [2026-05-18T06:28:53.755Z] <<< [apiv2][body] POST https://upload-firebasehosting.googleapis.com/upload/sites/indus-kioask/versions/9e87c56286e797cb/files/11d06d7cc75395b71056cd7f0cf7b04a7ff3c6c0e65a6133a256964cd486a5e2 [stream]
[debug] [2026-05-18T06:28:53.755Z] Checked if tokens are valid: true, expires at: 1779089153431
[debug] [2026-05-18T06:28:53.755Z] Checked if tokens are valid: true, expires at: 1779089153431
[debug] [2026-05-18T06:28:53.755Z] >>> [apiv2][query] POST https://upload-firebasehosting.googleapis.com/upload/sites/indus-kioask/versions/9e87c56286e797cb/files/e0c3bdddc83518429b010c7962e035ee52aa23dffca32e566842a419bc331598 [none]
[debug] [2026-05-18T06:28:53.755Z] >>> [apiv2][body] POST https://upload-firebasehosting.googleapis.com/upload/sites/indus-kioask/versions/9e87c56286e797cb/files/e0c3bdddc83518429b010c7962e035ee52aa23dffca32e566842a419bc331598 [stream]
[debug] [2026-05-18T06:28:55.200Z] <<< [apiv2][status] POST https://upload-firebasehosting.googleapis.com/upload/sites/indus-kioask/versions/9e87c56286e797cb/files/e0c3bdddc83518429b010c7962e035ee52aa23dffca32e566842a419bc331598 200
[debug] [2026-05-18T06:28:55.200Z] <<< [apiv2][body] POST https://upload-firebasehosting.googleapis.com/upload/sites/indus-kioask/versions/9e87c56286e797cb/files/e0c3bdddc83518429b010c7962e035ee52aa23dffca32e566842a419bc331598 [stream]
[debug] [2026-05-18T06:28:55.200Z] Checked if tokens are valid: true, expires at: 1779089153431
[debug] [2026-05-18T06:28:55.200Z] Checked if tokens are valid: true, expires at: 1779089153431
[debug] [2026-05-18T06:28:55.200Z] >>> [apiv2][query] POST https://upload-firebasehosting.googleapis.com/upload/sites/indus-kioask/versions/9e87c56286e797cb/files/8c5476d357eaadd251f58172f97954aedcfba1749deee1bdf8649e7cf825dea1 [none]
[debug] [2026-05-18T06:28:55.200Z] >>> [apiv2][body] POST https://upload-firebasehosting.googleapis.com/upload/sites/indus-kioask/versions/9e87c56286e797cb/files/8c5476d357eaadd251f58172f97954aedcfba1749deee1bdf8649e7cf825dea1 [stream]
[debug] [2026-05-18T06:28:56.949Z] <<< [apiv2][status] POST https://upload-firebasehosting.googleapis.com/upload/sites/indus-kioask/versions/9e87c56286e797cb/files/8c5476d357eaadd251f58172f97954aedcfba1749deee1bdf8649e7cf825dea1 200
[debug] [2026-05-18T06:28:56.949Z] <<< [apiv2][body] POST https://upload-firebasehosting.googleapis.com/upload/sites/indus-kioask/versions/9e87c56286e797cb/files/8c5476d357eaadd251f58172f97954aedcfba1749deee1bdf8649e7cf825dea1 [stream]
[debug] [2026-05-18T06:28:56.949Z] Checked if tokens are valid: true, expires at: 1779089153431
[debug] [2026-05-18T06:28:56.949Z] Checked if tokens are valid: true, expires at: 1779089153431
[debug] [2026-05-18T06:28:56.949Z] >>> [apiv2][query] POST https://upload-firebasehosting.googleapis.com/upload/sites/indus-kioask/versions/9e87c56286e797cb/files/a2844d83970c5257b7f89c1edd20e7e642b1bafa438a88bf3104489bc963786a [none]
[debug] [2026-05-18T06:28:56.949Z] >>> [apiv2][body] POST https://upload-firebasehosting.googleapis.com/upload/sites/indus-kioask/versions/9e87c56286e797cb/files/a2844d83970c5257b7f89c1edd20e7e642b1bafa438a88bf3104489bc963786a [stream]
[debug] [2026-05-18T06:28:58.411Z] <<< [apiv2][status] POST https://upload-firebasehosting.googleapis.com/upload/sites/indus-kioask/versions/9e87c56286e797cb/files/a2844d83970c5257b7f89c1edd20e7e642b1bafa438a88bf3104489bc963786a 200
[debug] [2026-05-18T06:28:58.411Z] <<< [apiv2][body] POST https://upload-firebasehosting.googleapis.com/upload/sites/indus-kioask/versions/9e87c56286e797cb/files/a2844d83970c5257b7f89c1edd20e7e642b1bafa438a88bf3104489bc963786a [stream]
[debug] [2026-05-18T06:28:58.411Z] Checked if tokens are valid: true, expires at: 1779089153431
[debug] [2026-05-18T06:28:58.411Z] Checked if tokens are valid: true, expires at: 1779089153431
[debug] [2026-05-18T06:28:58.411Z] >>> [apiv2][query] POST https://upload-firebasehosting.googleapis.com/upload/sites/indus-kioask/versions/9e87c56286e797cb/files/0c8f0861361ba8a105a09206e9af4e35cfb4ce8c6166f6d13e7ac06403c24487 [none]
[debug] [2026-05-18T06:28:58.411Z] >>> [apiv2][body] POST https://upload-firebasehosting.googleapis.com/upload/sites/indus-kioask/versions/9e87c56286e797cb/files/0c8f0861361ba8a105a09206e9af4e35cfb4ce8c6166f6d13e7ac06403c24487 [stream]
[debug] [2026-05-18T06:29:00.663Z] <<< [apiv2][status] POST https://upload-firebasehosting.googleapis.com/upload/sites/indus-kioask/versions/9e87c56286e797cb/files/0c8f0861361ba8a105a09206e9af4e35cfb4ce8c6166f6d13e7ac06403c24487 200
[debug] [2026-05-18T06:29:00.663Z] <<< [apiv2][body] POST https://upload-firebasehosting.googleapis.com/upload/sites/indus-kioask/versions/9e87c56286e797cb/files/0c8f0861361ba8a105a09206e9af4e35cfb4ce8c6166f6d13e7ac06403c24487 [stream]
[debug] [2026-05-18T06:29:00.663Z] Checked if tokens are valid: true, expires at: 1779089153431
[debug] [2026-05-18T06:29:00.663Z] Checked if tokens are valid: true, expires at: 1779089153431
[debug] [2026-05-18T06:29:00.663Z] >>> [apiv2][query] POST https://upload-firebasehosting.googleapis.com/upload/sites/indus-kioask/versions/9e87c56286e797cb/files/e7b2c8acbf2133b6f9f72309b9178e3efbe7b81da3dd7816a022eec01468cafd [none]
[debug] [2026-05-18T06:29:00.663Z] >>> [apiv2][body] POST https://upload-firebasehosting.googleapis.com/upload/sites/indus-kioask/versions/9e87c56286e797cb/files/e7b2c8acbf2133b6f9f72309b9178e3efbe7b81da3dd7816a022eec01468cafd [stream]
[debug] [2026-05-18T06:29:02.351Z] <<< [apiv2][status] POST https://upload-firebasehosting.googleapis.com/upload/sites/indus-kioask/versions/9e87c56286e797cb/files/e7b2c8acbf2133b6f9f72309b9178e3efbe7b81da3dd7816a022eec01468cafd 200
[debug] [2026-05-18T06:29:02.351Z] <<< [apiv2][body] POST https://upload-firebasehosting.googleapis.com/upload/sites/indus-kioask/versions/9e87c56286e797cb/files/e7b2c8acbf2133b6f9f72309b9178e3efbe7b81da3dd7816a022eec01468cafd [stream]
[debug] [2026-05-18T06:29:02.352Z] Checked if tokens are valid: true, expires at: 1779089153431
[debug] [2026-05-18T06:29:02.352Z] Checked if tokens are valid: true, expires at: 1779089153431
[debug] [2026-05-18T06:29:02.352Z] >>> [apiv2][query] POST https://upload-firebasehosting.googleapis.com/upload/sites/indus-kioask/versions/9e87c56286e797cb/files/c58a773cdbb5635408c2e19f475c4d2f496902baba65fc6db52a6baed6d217e3 [none]
[debug] [2026-05-18T06:29:02.352Z] >>> [apiv2][body] POST https://upload-firebasehosting.googleapis.com/upload/sites/indus-kioask/versions/9e87c56286e797cb/files/c58a773cdbb5635408c2e19f475c4d2f496902baba65fc6db52a6baed6d217e3 [stream]
[debug] [2026-05-18T06:29:03.747Z] <<< [apiv2][status] POST https://upload-firebasehosting.googleapis.com/upload/sites/indus-kioask/versions/9e87c56286e797cb/files/c58a773cdbb5635408c2e19f475c4d2f496902baba65fc6db52a6baed6d217e3 200
[debug] [2026-05-18T06:29:03.747Z] <<< [apiv2][body] POST https://upload-firebasehosting.googleapis.com/upload/sites/indus-kioask/versions/9e87c56286e797cb/files/c58a773cdbb5635408c2e19f475c4d2f496902baba65fc6db52a6baed6d217e3 [stream]
[debug] [2026-05-18T06:29:03.748Z] Checked if tokens are valid: true, expires at: 1779089153431
[debug] [2026-05-18T06:29:03.748Z] Checked if tokens are valid: true, expires at: 1779089153431
[debug] [2026-05-18T06:29:03.748Z] >>> [apiv2][query] POST https://upload-firebasehosting.googleapis.com/upload/sites/indus-kioask/versions/9e87c56286e797cb/files/cb0128287a65e77f19e839a64273b237833ff0677903109f9bf2b4cc8b0220f7 [none]
[debug] [2026-05-18T06:29:03.748Z] >>> [apiv2][body] POST https://upload-firebasehosting.googleapis.com/upload/sites/indus-kioask/versions/9e87c56286e797cb/files/cb0128287a65e77f19e839a64273b237833ff0677903109f9bf2b4cc8b0220f7 [stream]
[debug] [2026-05-18T06:29:05.242Z] <<< [apiv2][status] POST https://upload-firebasehosting.googleapis.com/upload/sites/indus-kioask/versions/9e87c56286e797cb/files/cb0128287a65e77f19e839a64273b237833ff0677903109f9bf2b4cc8b0220f7 200
[debug] [2026-05-18T06:29:05.242Z] <<< [apiv2][body] POST https://upload-firebasehosting.googleapis.com/upload/sites/indus-kioask/versions/9e87c56286e797cb/files/cb0128287a65e77f19e839a64273b237833ff0677903109f9bf2b4cc8b0220f7 [stream]
[debug] [2026-05-18T06:29:05.243Z] Checked if tokens are valid: true, expires at: 1779089153431
[debug] [2026-05-18T06:29:05.243Z] Checked if tokens are valid: true, expires at: 1779089153431
[debug] [2026-05-18T06:29:05.243Z] >>> [apiv2][query] POST https://upload-firebasehosting.googleapis.com/upload/sites/indus-kioask/versions/9e87c56286e797cb/files/09326f08064e89077eedd8d2738069adb0f26b976d20322013a1800860b5c283 [none]
[debug] [2026-05-18T06:29:05.243Z] >>> [apiv2][body] POST https://upload-firebasehosting.googleapis.com/upload/sites/indus-kioask/versions/9e87c56286e797cb/files/09326f08064e89077eedd8d2738069adb0f26b976d20322013a1800860b5c283 [stream]
[debug] [2026-05-18T06:29:06.846Z] <<< [apiv2][status] POST https://upload-firebasehosting.googleapis.com/upload/sites/indus-kioask/versions/9e87c56286e797cb/files/09326f08064e89077eedd8d2738069adb0f26b976d20322013a1800860b5c283 200
[debug] [2026-05-18T06:29:06.846Z] <<< [apiv2][body] POST https://upload-firebasehosting.googleapis.com/upload/sites/indus-kioask/versions/9e87c56286e797cb/files/09326f08064e89077eedd8d2738069adb0f26b976d20322013a1800860b5c283 [stream]
[debug] [2026-05-18T06:29:06.846Z] Checked if tokens are valid: true, expires at: 1779089153431
[debug] [2026-05-18T06:29:06.846Z] Checked if tokens are valid: true, expires at: 1779089153431
[debug] [2026-05-18T06:29:06.846Z] >>> [apiv2][query] POST https://upload-firebasehosting.googleapis.com/upload/sites/indus-kioask/versions/9e87c56286e797cb/files/914f0291e92f11da5a9c4949ef5ef0b8edfe107b9000a5dfa1879c165d8e3c01 [none]
[debug] [2026-05-18T06:29:06.846Z] >>> [apiv2][body] POST https://upload-firebasehosting.googleapis.com/upload/sites/indus-kioask/versions/9e87c56286e797cb/files/914f0291e92f11da5a9c4949ef5ef0b8edfe107b9000a5dfa1879c165d8e3c01 [stream]
[debug] [2026-05-18T06:29:08.321Z] <<< [apiv2][status] POST https://upload-firebasehosting.googleapis.com/upload/sites/indus-kioask/versions/9e87c56286e797cb/files/914f0291e92f11da5a9c4949ef5ef0b8edfe107b9000a5dfa1879c165d8e3c01 200
[debug] [2026-05-18T06:29:08.321Z] <<< [apiv2][body] POST https://upload-firebasehosting.googleapis.com/upload/sites/indus-kioask/versions/9e87c56286e797cb/files/914f0291e92f11da5a9c4949ef5ef0b8edfe107b9000a5dfa1879c165d8e3c01 [stream]
[debug] [2026-05-18T06:29:08.321Z] Checked if tokens are valid: true, expires at: 1779089153431
[debug] [2026-05-18T06:29:08.321Z] Checked if tokens are valid: true, expires at: 1779089153431
[debug] [2026-05-18T06:29:08.321Z] >>> [apiv2][query] POST https://upload-firebasehosting.googleapis.com/upload/sites/indus-kioask/versions/9e87c56286e797cb/files/59ca05174d35b84809f94d6a8f352745b39adf6cc6f9c93bfe37ec193d83b4c2 [none]
[debug] [2026-05-18T06:29:08.321Z] >>> [apiv2][body] POST https://upload-firebasehosting.googleapis.com/upload/sites/indus-kioask/versions/9e87c56286e797cb/files/59ca05174d35b84809f94d6a8f352745b39adf6cc6f9c93bfe37ec193d83b4c2 [stream]
[debug] [2026-05-18T06:29:09.928Z] <<< [apiv2][status] POST https://upload-firebasehosting.googleapis.com/upload/sites/indus-kioask/versions/9e87c56286e797cb/files/59ca05174d35b84809f94d6a8f352745b39adf6cc6f9c93bfe37ec193d83b4c2 200
[debug] [2026-05-18T06:29:09.928Z] <<< [apiv2][body] POST https://upload-firebasehosting.googleapis.com/upload/sites/indus-kioask/versions/9e87c56286e797cb/files/59ca05174d35b84809f94d6a8f352745b39adf6cc6f9c93bfe37ec193d83b4c2 [stream]
[debug] [2026-05-18T06:29:09.928Z] Checked if tokens are valid: true, expires at: 1779089153431
[debug] [2026-05-18T06:29:09.928Z] Checked if tokens are valid: true, expires at: 1779089153431
[debug] [2026-05-18T06:29:09.929Z] >>> [apiv2][query] POST https://upload-firebasehosting.googleapis.com/upload/sites/indus-kioask/versions/9e87c56286e797cb/files/7a6949fc148a730ab5ab8ac0da0d89bfc8cfdb4c40d8485a95e69bd53c826678 [none]
[debug] [2026-05-18T06:29:09.929Z] >>> [apiv2][body] POST https://upload-firebasehosting.googleapis.com/upload/sites/indus-kioask/versions/9e87c56286e797cb/files/7a6949fc148a730ab5ab8ac0da0d89bfc8cfdb4c40d8485a95e69bd53c826678 [stream]
[debug] [2026-05-18T06:29:11.636Z] <<< [apiv2][status] POST https://upload-firebasehosting.googleapis.com/upload/sites/indus-kioask/versions/9e87c56286e797cb/files/7a6949fc148a730ab5ab8ac0da0d89bfc8cfdb4c40d8485a95e69bd53c826678 200
[debug] [2026-05-18T06:29:11.636Z] <<< [apiv2][body] POST https://upload-firebasehosting.googleapis.com/upload/sites/indus-kioask/versions/9e87c56286e797cb/files/7a6949fc148a730ab5ab8ac0da0d89bfc8cfdb4c40d8485a95e69bd53c826678 [stream]
[debug] [2026-05-18T06:29:11.636Z] Checked if tokens are valid: true, expires at: 1779089153431
[debug] [2026-05-18T06:29:11.636Z] Checked if tokens are valid: true, expires at: 1779089153431
[debug] [2026-05-18T06:29:11.636Z] >>> [apiv2][query] POST https://upload-firebasehosting.googleapis.com/upload/sites/indus-kioask/versions/9e87c56286e797cb/files/82134092d7cbc28589efbdcd1e3816ba24954c42aea5054f5ce4184d32900dff [none]
[debug] [2026-05-18T06:29:11.636Z] >>> [apiv2][body] POST https://upload-firebasehosting.googleapis.com/upload/sites/indus-kioask/versions/9e87c56286e797cb/files/82134092d7cbc28589efbdcd1e3816ba24954c42aea5054f5ce4184d32900dff [stream]
[debug] [2026-05-18T06:29:12.857Z] <<< [apiv2][status] POST https://upload-firebasehosting.googleapis.com/upload/sites/indus-kioask/versions/9e87c56286e797cb/files/82134092d7cbc28589efbdcd1e3816ba24954c42aea5054f5ce4184d32900dff 200
[debug] [2026-05-18T06:29:12.857Z] <<< [apiv2][body] POST https://upload-firebasehosting.googleapis.com/upload/sites/indus-kioask/versions/9e87c56286e797cb/files/82134092d7cbc28589efbdcd1e3816ba24954c42aea5054f5ce4184d32900dff [stream]
[debug] [2026-05-18T06:29:12.858Z] Checked if tokens are valid: true, expires at: 1779089153431
[debug] [2026-05-18T06:29:12.858Z] Checked if tokens are valid: true, expires at: 1779089153431
[debug] [2026-05-18T06:29:12.858Z] >>> [apiv2][query] POST https://upload-firebasehosting.googleapis.com/upload/sites/indus-kioask/versions/9e87c56286e797cb/files/ba139439bafdb4e44d45cd8d84c957fbb8fdc6b9554035a7e4230a78d38dc08e [none]
[debug] [2026-05-18T06:29:12.858Z] >>> [apiv2][body] POST https://upload-firebasehosting.googleapis.com/upload/sites/indus-kioask/versions/9e87c56286e797cb/files/ba139439bafdb4e44d45cd8d84c957fbb8fdc6b9554035a7e4230a78d38dc08e [stream]
[debug] [2026-05-18T06:29:14.275Z] <<< [apiv2][status] POST https://upload-firebasehosting.googleapis.com/upload/sites/indus-kioask/versions/9e87c56286e797cb/files/ba139439bafdb4e44d45cd8d84c957fbb8fdc6b9554035a7e4230a78d38dc08e 200
[debug] [2026-05-18T06:29:14.275Z] <<< [apiv2][body] POST https://upload-firebasehosting.googleapis.com/upload/sites/indus-kioask/versions/9e87c56286e797cb/files/ba139439bafdb4e44d45cd8d84c957fbb8fdc6b9554035a7e4230a78d38dc08e [stream]
[debug] [2026-05-18T06:29:14.275Z] Checked if tokens are valid: true, expires at: 1779089153431
[debug] [2026-05-18T06:29:14.275Z] Checked if tokens are valid: true, expires at: 1779089153431
[debug] [2026-05-18T06:29:14.275Z] >>> [apiv2][query] POST https://upload-firebasehosting.googleapis.com/upload/sites/indus-kioask/versions/9e87c56286e797cb/files/1f973f22df61b3c480348779c97f3294435697a087ea4b13559cff987d94d4ca [none]
[debug] [2026-05-18T06:29:14.275Z] >>> [apiv2][body] POST https://upload-firebasehosting.googleapis.com/upload/sites/indus-kioask/versions/9e87c56286e797cb/files/1f973f22df61b3c480348779c97f3294435697a087ea4b13559cff987d94d4ca [stream]
[debug] [2026-05-18T06:29:15.926Z] <<< [apiv2][status] POST https://upload-firebasehosting.googleapis.com/upload/sites/indus-kioask/versions/9e87c56286e797cb/files/1f973f22df61b3c480348779c97f3294435697a087ea4b13559cff987d94d4ca 200
[debug] [2026-05-18T06:29:15.926Z] <<< [apiv2][body] POST https://upload-firebasehosting.googleapis.com/upload/sites/indus-kioask/versions/9e87c56286e797cb/files/1f973f22df61b3c480348779c97f3294435697a087ea4b13559cff987d94d4ca [stream]
[debug] [2026-05-18T06:29:15.927Z] Checked if tokens are valid: true, expires at: 1779089153431
[debug] [2026-05-18T06:29:15.927Z] Checked if tokens are valid: true, expires at: 1779089153431
[debug] [2026-05-18T06:29:15.927Z] >>> [apiv2][query] POST https://upload-firebasehosting.googleapis.com/upload/sites/indus-kioask/versions/9e87c56286e797cb/files/b3dbe669856e08a9bb49b76ddd627062b2f201d0b82e00fb59fa662423a5910d [none]
[debug] [2026-05-18T06:29:15.927Z] >>> [apiv2][body] POST https://upload-firebasehosting.googleapis.com/upload/sites/indus-kioask/versions/9e87c56286e797cb/files/b3dbe669856e08a9bb49b76ddd627062b2f201d0b82e00fb59fa662423a5910d [stream]
[debug] [2026-05-18T06:29:17.658Z] <<< [apiv2][status] POST https://upload-firebasehosting.googleapis.com/upload/sites/indus-kioask/versions/9e87c56286e797cb/files/b3dbe669856e08a9bb49b76ddd627062b2f201d0b82e00fb59fa662423a5910d 200
[debug] [2026-05-18T06:29:17.659Z] <<< [apiv2][body] POST https://upload-firebasehosting.googleapis.com/upload/sites/indus-kioask/versions/9e87c56286e797cb/files/b3dbe669856e08a9bb49b76ddd627062b2f201d0b82e00fb59fa662423a5910d [stream]
[debug] [2026-05-18T06:29:17.659Z] Checked if tokens are valid: true, expires at: 1779089153431
[debug] [2026-05-18T06:29:17.659Z] Checked if tokens are valid: true, expires at: 1779089153431
[debug] [2026-05-18T06:29:17.659Z] >>> [apiv2][query] POST https://upload-firebasehosting.googleapis.com/upload/sites/indus-kioask/versions/9e87c56286e797cb/files/668c0caee50c03bb9a6797d39491cc4ed91ce619855ae9f3ef4c5b16fbbd3955 [none]
[debug] [2026-05-18T06:29:17.659Z] >>> [apiv2][body] POST https://upload-firebasehosting.googleapis.com/upload/sites/indus-kioask/versions/9e87c56286e797cb/files/668c0caee50c03bb9a6797d39491cc4ed91ce619855ae9f3ef4c5b16fbbd3955 [stream]
[debug] [2026-05-18T06:29:19.221Z] <<< [apiv2][status] POST https://upload-firebasehosting.googleapis.com/upload/sites/indus-kioask/versions/9e87c56286e797cb/files/668c0caee50c03bb9a6797d39491cc4ed91ce619855ae9f3ef4c5b16fbbd3955 200
[debug] [2026-05-18T06:29:19.221Z] <<< [apiv2][body] POST https://upload-firebasehosting.googleapis.com/upload/sites/indus-kioask/versions/9e87c56286e797cb/files/668c0caee50c03bb9a6797d39491cc4ed91ce619855ae9f3ef4c5b16fbbd3955 [stream]
[debug] [2026-05-18T06:29:19.221Z] Checked if tokens are valid: true, expires at: 1779089153431
[debug] [2026-05-18T06:29:19.221Z] Checked if tokens are valid: true, expires at: 1779089153431
[debug] [2026-05-18T06:29:19.221Z] >>> [apiv2][query] POST https://upload-firebasehosting.googleapis.com/upload/sites/indus-kioask/versions/9e87c56286e797cb/files/0bbd02c792c02dd84399421a1a11dc4e51b0fcf91002e71ecc9d024d05906c19 [none]
[debug] [2026-05-18T06:29:19.221Z] >>> [apiv2][body] POST https://upload-firebasehosting.googleapis.com/upload/sites/indus-kioask/versions/9e87c56286e797cb/files/0bbd02c792c02dd84399421a1a11dc4e51b0fcf91002e71ecc9d024d05906c19 [stream]
[debug] [2026-05-18T06:29:20.919Z] <<< [apiv2][status] POST https://upload-firebasehosting.googleapis.com/upload/sites/indus-kioask/versions/9e87c56286e797cb/files/0bbd02c792c02dd84399421a1a11dc4e51b0fcf91002e71ecc9d024d05906c19 200
[debug] [2026-05-18T06:29:20.919Z] <<< [apiv2][body] POST https://upload-firebasehosting.googleapis.com/upload/sites/indus-kioask/versions/9e87c56286e797cb/files/0bbd02c792c02dd84399421a1a11dc4e51b0fcf91002e71ecc9d024d05906c19 [stream]
[debug] [2026-05-18T06:29:20.919Z] Checked if tokens are valid: true, expires at: 1779089153431
[debug] [2026-05-18T06:29:20.919Z] Checked if tokens are valid: true, expires at: 1779089153431
[debug] [2026-05-18T06:29:20.919Z] >>> [apiv2][query] POST https://upload-firebasehosting.googleapis.com/upload/sites/indus-kioask/versions/9e87c56286e797cb/files/3d6a6e435d3876cb0fb06f354ca758685545880b74427320b3c1c102011e3448 [none]
[debug] [2026-05-18T06:29:20.919Z] >>> [apiv2][body] POST https://upload-firebasehosting.googleapis.com/upload/sites/indus-kioask/versions/9e87c56286e797cb/files/3d6a6e435d3876cb0fb06f354ca758685545880b74427320b3c1c102011e3448 [stream]
[debug] [2026-05-18T06:29:22.575Z] <<< [apiv2][status] POST https://upload-firebasehosting.googleapis.com/upload/sites/indus-kioask/versions/9e87c56286e797cb/files/3d6a6e435d3876cb0fb06f354ca758685545880b74427320b3c1c102011e3448 200
[debug] [2026-05-18T06:29:22.575Z] <<< [apiv2][body] POST https://upload-firebasehosting.googleapis.com/upload/sites/indus-kioask/versions/9e87c56286e797cb/files/3d6a6e435d3876cb0fb06f354ca758685545880b74427320b3c1c102011e3448 [stream]
[debug] [2026-05-18T06:29:22.576Z] Checked if tokens are valid: true, expires at: 1779089153431
[debug] [2026-05-18T06:29:22.576Z] Checked if tokens are valid: true, expires at: 1779089153431
[debug] [2026-05-18T06:29:22.576Z] >>> [apiv2][query] POST https://upload-firebasehosting.googleapis.com/upload/sites/indus-kioask/versions/9e87c56286e797cb/files/25debcc57b251e302d3b57f8c2a8f29c96ef1a7664a13a7646a3c95f2a55423a [none]
[debug] [2026-05-18T06:29:22.576Z] >>> [apiv2][body] POST https://upload-firebasehosting.googleapis.com/upload/sites/indus-kioask/versions/9e87c56286e797cb/files/25debcc57b251e302d3b57f8c2a8f29c96ef1a7664a13a7646a3c95f2a55423a [stream]
[debug] [2026-05-18T06:29:24.052Z] <<< [apiv2][status] POST https://upload-firebasehosting.googleapis.com/upload/sites/indus-kioask/versions/9e87c56286e797cb/files/25debcc57b251e302d3b57f8c2a8f29c96ef1a7664a13a7646a3c95f2a55423a 200
[debug] [2026-05-18T06:29:24.052Z] <<< [apiv2][body] POST https://upload-firebasehosting.googleapis.com/upload/sites/indus-kioask/versions/9e87c56286e797cb/files/25debcc57b251e302d3b57f8c2a8f29c96ef1a7664a13a7646a3c95f2a55423a [stream]
[debug] [2026-05-18T06:29:24.052Z] Checked if tokens are valid: true, expires at: 1779089153431
[debug] [2026-05-18T06:29:24.052Z] Checked if tokens are valid: true, expires at: 1779089153431
[debug] [2026-05-18T06:29:24.052Z] >>> [apiv2][query] POST https://upload-firebasehosting.googleapis.com/upload/sites/indus-kioask/versions/9e87c56286e797cb/files/2131ec7beb15fe245ef47ee335cfdfe65957ecd5e0bb8743ddeda8c715ebdeeb [none]
[debug] [2026-05-18T06:29:24.052Z] >>> [apiv2][body] POST https://upload-firebasehosting.googleapis.com/upload/sites/indus-kioask/versions/9e87c56286e797cb/files/2131ec7beb15fe245ef47ee335cfdfe65957ecd5e0bb8743ddeda8c715ebdeeb [stream]
[debug] [2026-05-18T06:29:25.651Z] <<< [apiv2][status] POST https://upload-firebasehosting.googleapis.com/upload/sites/indus-kioask/versions/9e87c56286e797cb/files/2131ec7beb15fe245ef47ee335cfdfe65957ecd5e0bb8743ddeda8c715ebdeeb 200
[debug] [2026-05-18T06:29:25.651Z] <<< [apiv2][body] POST https://upload-firebasehosting.googleapis.com/upload/sites/indus-kioask/versions/9e87c56286e797cb/files/2131ec7beb15fe245ef47ee335cfdfe65957ecd5e0bb8743ddeda8c715ebdeeb [stream]
[debug] [2026-05-18T06:29:25.651Z] Checked if tokens are valid: true, expires at: 1779089153431
[debug] [2026-05-18T06:29:25.651Z] Checked if tokens are valid: true, expires at: 1779089153431
[debug] [2026-05-18T06:29:25.651Z] >>> [apiv2][query] POST https://upload-firebasehosting.googleapis.com/upload/sites/indus-kioask/versions/9e87c56286e797cb/files/e7d50e1635cfe9d18f32ca17c57e46be000f7153bea3b4333ef3844c07ff3b9a [none]
[debug] [2026-05-18T06:29:25.651Z] >>> [apiv2][body] POST https://upload-firebasehosting.googleapis.com/upload/sites/indus-kioask/versions/9e87c56286e797cb/files/e7d50e1635cfe9d18f32ca17c57e46be000f7153bea3b4333ef3844c07ff3b9a [stream]
[debug] [2026-05-18T06:29:27.232Z] <<< [apiv2][status] POST https://upload-firebasehosting.googleapis.com/upload/sites/indus-kioask/versions/9e87c56286e797cb/files/e7d50e1635cfe9d18f32ca17c57e46be000f7153bea3b4333ef3844c07ff3b9a 200
[debug] [2026-05-18T06:29:27.232Z] <<< [apiv2][body] POST https://upload-firebasehosting.googleapis.com/upload/sites/indus-kioask/versions/9e87c56286e797cb/files/e7d50e1635cfe9d18f32ca17c57e46be000f7153bea3b4333ef3844c07ff3b9a [stream]
[debug] [2026-05-18T06:29:27.233Z] Checked if tokens are valid: true, expires at: 1779089153431
[debug] [2026-05-18T06:29:27.233Z] Checked if tokens are valid: true, expires at: 1779089153431
[debug] [2026-05-18T06:29:27.233Z] >>> [apiv2][query] POST https://upload-firebasehosting.googleapis.com/upload/sites/indus-kioask/versions/9e87c56286e797cb/files/699d6ae5cd72dcfa63e575fff0aebda347194c81f014f7ee65d6d97ccb8ee6b8 [none]
[debug] [2026-05-18T06:29:27.233Z] >>> [apiv2][body] POST https://upload-firebasehosting.googleapis.com/upload/sites/indus-kioask/versions/9e87c56286e797cb/files/699d6ae5cd72dcfa63e575fff0aebda347194c81f014f7ee65d6d97ccb8ee6b8 [stream]
[debug] [2026-05-18T06:29:28.801Z] <<< [apiv2][status] POST https://upload-firebasehosting.googleapis.com/upload/sites/indus-kioask/versions/9e87c56286e797cb/files/699d6ae5cd72dcfa63e575fff0aebda347194c81f014f7ee65d6d97ccb8ee6b8 200
[debug] [2026-05-18T06:29:28.801Z] <<< [apiv2][body] POST https://upload-firebasehosting.googleapis.com/upload/sites/indus-kioask/versions/9e87c56286e797cb/files/699d6ae5cd72dcfa63e575fff0aebda347194c81f014f7ee65d6d97ccb8ee6b8 [stream]
[debug] [2026-05-18T06:29:28.801Z] Checked if tokens are valid: true, expires at: 1779089153431
[debug] [2026-05-18T06:29:28.801Z] Checked if tokens are valid: true, expires at: 1779089153431
[debug] [2026-05-18T06:29:28.801Z] >>> [apiv2][query] POST https://upload-firebasehosting.googleapis.com/upload/sites/indus-kioask/versions/9e87c56286e797cb/files/c9ccb70d7b7054a437a6a1db6299686fe1ec19ce5cdbf19ee10989f722546eb2 [none]
[debug] [2026-05-18T06:29:28.802Z] >>> [apiv2][body] POST https://upload-firebasehosting.googleapis.com/upload/sites/indus-kioask/versions/9e87c56286e797cb/files/c9ccb70d7b7054a437a6a1db6299686fe1ec19ce5cdbf19ee10989f722546eb2 [stream]
[debug] [2026-05-18T06:29:30.242Z] <<< [apiv2][status] POST https://upload-firebasehosting.googleapis.com/upload/sites/indus-kioask/versions/9e87c56286e797cb/files/c9ccb70d7b7054a437a6a1db6299686fe1ec19ce5cdbf19ee10989f722546eb2 200
[debug] [2026-05-18T06:29:30.242Z] <<< [apiv2][body] POST https://upload-firebasehosting.googleapis.com/upload/sites/indus-kioask/versions/9e87c56286e797cb/files/c9ccb70d7b7054a437a6a1db6299686fe1ec19ce5cdbf19ee10989f722546eb2 [stream]
[debug] [2026-05-18T06:29:30.242Z] Checked if tokens are valid: true, expires at: 1779089153431
[debug] [2026-05-18T06:29:30.242Z] Checked if tokens are valid: true, expires at: 1779089153431
[debug] [2026-05-18T06:29:30.242Z] >>> [apiv2][query] POST https://upload-firebasehosting.googleapis.com/upload/sites/indus-kioask/versions/9e87c56286e797cb/files/5b9463bd759a5c7261c02c2c79f6100186cb830d2114f974063aea7d498054d1 [none]
[debug] [2026-05-18T06:29:30.242Z] >>> [apiv2][body] POST https://upload-firebasehosting.googleapis.com/upload/sites/indus-kioask/versions/9e87c56286e797cb/files/5b9463bd759a5c7261c02c2c79f6100186cb830d2114f974063aea7d498054d1 [stream]
[debug] [2026-05-18T06:29:31.820Z] <<< [apiv2][status] POST https://upload-firebasehosting.googleapis.com/upload/sites/indus-kioask/versions/9e87c56286e797cb/files/5b9463bd759a5c7261c02c2c79f6100186cb830d2114f974063aea7d498054d1 200
[debug] [2026-05-18T06:29:31.820Z] <<< [apiv2][body] POST https://upload-firebasehosting.googleapis.com/upload/sites/indus-kioask/versions/9e87c56286e797cb/files/5b9463bd759a5c7261c02c2c79f6100186cb830d2114f974063aea7d498054d1 [stream]
[debug] [2026-05-18T06:29:31.820Z] Checked if tokens are valid: true, expires at: 1779089153431
[debug] [2026-05-18T06:29:31.820Z] Checked if tokens are valid: true, expires at: 1779089153431
[debug] [2026-05-18T06:29:31.821Z] >>> [apiv2][query] POST https://upload-firebasehosting.googleapis.com/upload/sites/indus-kioask/versions/9e87c56286e797cb/files/a19f0cbe2e229a3598d2d8b5e4fe9e348eccee71613d020795f64e10a56f1bbc [none]
[debug] [2026-05-18T06:29:31.821Z] >>> [apiv2][body] POST https://upload-firebasehosting.googleapis.com/upload/sites/indus-kioask/versions/9e87c56286e797cb/files/a19f0cbe2e229a3598d2d8b5e4fe9e348eccee71613d020795f64e10a56f1bbc [stream]
[debug] [2026-05-18T06:29:33.069Z] <<< [apiv2][status] POST https://upload-firebasehosting.googleapis.com/upload/sites/indus-kioask/versions/9e87c56286e797cb/files/a19f0cbe2e229a3598d2d8b5e4fe9e348eccee71613d020795f64e10a56f1bbc 200
[debug] [2026-05-18T06:29:33.070Z] <<< [apiv2][body] POST https://upload-firebasehosting.googleapis.com/upload/sites/indus-kioask/versions/9e87c56286e797cb/files/a19f0cbe2e229a3598d2d8b5e4fe9e348eccee71613d020795f64e10a56f1bbc [stream]
[debug] [2026-05-18T06:29:33.070Z] Checked if tokens are valid: true, expires at: 1779089153431
[debug] [2026-05-18T06:29:33.070Z] Checked if tokens are valid: true, expires at: 1779089153431
[debug] [2026-05-18T06:29:33.070Z] >>> [apiv2][query] POST https://upload-firebasehosting.googleapis.com/upload/sites/indus-kioask/versions/9e87c56286e797cb/files/efa1dd309abf369b62e7c46cfb4ccbeeb8ac38315c4a0d550a49dd3d7cfe8aa7 [none]
[debug] [2026-05-18T06:29:33.070Z] >>> [apiv2][body] POST https://upload-firebasehosting.googleapis.com/upload/sites/indus-kioask/versions/9e87c56286e797cb/files/efa1dd309abf369b62e7c46cfb4ccbeeb8ac38315c4a0d550a49dd3d7cfe8aa7 [stream]
[debug] [2026-05-18T06:29:34.602Z] <<< [apiv2][status] POST https://upload-firebasehosting.googleapis.com/upload/sites/indus-kioask/versions/9e87c56286e797cb/files/efa1dd309abf369b62e7c46cfb4ccbeeb8ac38315c4a0d550a49dd3d7cfe8aa7 200
[debug] [2026-05-18T06:29:34.602Z] <<< [apiv2][body] POST https://upload-firebasehosting.googleapis.com/upload/sites/indus-kioask/versions/9e87c56286e797cb/files/efa1dd309abf369b62e7c46cfb4ccbeeb8ac38315c4a0d550a49dd3d7cfe8aa7 [stream]
[debug] [2026-05-18T06:29:34.602Z] Checked if tokens are valid: true, expires at: 1779089153431
[debug] [2026-05-18T06:29:34.602Z] Checked if tokens are valid: true, expires at: 1779089153431
[debug] [2026-05-18T06:29:34.602Z] >>> [apiv2][query] POST https://upload-firebasehosting.googleapis.com/upload/sites/indus-kioask/versions/9e87c56286e797cb/files/689e9e6a71384e17965922a5453af56339234bf31f4de143e1a8cdf28626ba99 [none]
[debug] [2026-05-18T06:29:34.602Z] >>> [apiv2][body] POST https://upload-firebasehosting.googleapis.com/upload/sites/indus-kioask/versions/9e87c56286e797cb/files/689e9e6a71384e17965922a5453af56339234bf31f4de143e1a8cdf28626ba99 [stream]
[debug] [2026-05-18T06:29:36.210Z] <<< [apiv2][status] POST https://upload-firebasehosting.googleapis.com/upload/sites/indus-kioask/versions/9e87c56286e797cb/files/689e9e6a71384e17965922a5453af56339234bf31f4de143e1a8cdf28626ba99 200
[debug] [2026-05-18T06:29:36.210Z] <<< [apiv2][body] POST https://upload-firebasehosting.googleapis.com/upload/sites/indus-kioask/versions/9e87c56286e797cb/files/689e9e6a71384e17965922a5453af56339234bf31f4de143e1a8cdf28626ba99 [stream]
[debug] [2026-05-18T06:29:36.210Z] Checked if tokens are valid: true, expires at: 1779089153431
[debug] [2026-05-18T06:29:36.210Z] Checked if tokens are valid: true, expires at: 1779089153431
[debug] [2026-05-18T06:29:36.210Z] >>> [apiv2][query] POST https://upload-firebasehosting.googleapis.com/upload/sites/indus-kioask/versions/9e87c56286e797cb/files/a51c3500fca275152d9726cd07323c7eae597c9b63e12ab0b7bd70d1e9263b0d [none]
[debug] [2026-05-18T06:29:36.210Z] >>> [apiv2][body] POST https://upload-firebasehosting.googleapis.com/upload/sites/indus-kioask/versions/9e87c56286e797cb/files/a51c3500fca275152d9726cd07323c7eae597c9b63e12ab0b7bd70d1e9263b0d [stream]
[debug] [2026-05-18T06:29:37.799Z] <<< [apiv2][status] POST https://upload-firebasehosting.googleapis.com/upload/sites/indus-kioask/versions/9e87c56286e797cb/files/a51c3500fca275152d9726cd07323c7eae597c9b63e12ab0b7bd70d1e9263b0d 200
[debug] [2026-05-18T06:29:37.799Z] <<< [apiv2][body] POST https://upload-firebasehosting.googleapis.com/upload/sites/indus-kioask/versions/9e87c56286e797cb/files/a51c3500fca275152d9726cd07323c7eae597c9b63e12ab0b7bd70d1e9263b0d [stream]
[debug] [2026-05-18T06:29:37.799Z] Checked if tokens are valid: true, expires at: 1779089153431
[debug] [2026-05-18T06:29:37.799Z] Checked if tokens are valid: true, expires at: 1779089153431
[debug] [2026-05-18T06:29:37.799Z] >>> [apiv2][query] POST https://upload-firebasehosting.googleapis.com/upload/sites/indus-kioask/versions/9e87c56286e797cb/files/2050dffe997795b7c69cc487dac18a65e9a4d6a75cd22b57628cca929aa3009d [none]
[debug] [2026-05-18T06:29:37.799Z] >>> [apiv2][body] POST https://upload-firebasehosting.googleapis.com/upload/sites/indus-kioask/versions/9e87c56286e797cb/files/2050dffe997795b7c69cc487dac18a65e9a4d6a75cd22b57628cca929aa3009d [stream]
[debug] [2026-05-18T06:29:39.249Z] <<< [apiv2][status] POST https://upload-firebasehosting.googleapis.com/upload/sites/indus-kioask/versions/9e87c56286e797cb/files/2050dffe997795b7c69cc487dac18a65e9a4d6a75cd22b57628cca929aa3009d 200
[debug] [2026-05-18T06:29:39.249Z] <<< [apiv2][body] POST https://upload-firebasehosting.googleapis.com/upload/sites/indus-kioask/versions/9e87c56286e797cb/files/2050dffe997795b7c69cc487dac18a65e9a4d6a75cd22b57628cca929aa3009d [stream]
[debug] [2026-05-18T06:29:39.249Z] Checked if tokens are valid: true, expires at: 1779089153431
[debug] [2026-05-18T06:29:39.249Z] Checked if tokens are valid: true, expires at: 1779089153431
[debug] [2026-05-18T06:29:39.249Z] >>> [apiv2][query] POST https://upload-firebasehosting.googleapis.com/upload/sites/indus-kioask/versions/9e87c56286e797cb/files/443ee304cc05b276ab9bcf55741aa152dc8a2a24eaeac3bb512d02068a65713e [none]
[debug] [2026-05-18T06:29:39.249Z] >>> [apiv2][body] POST https://upload-firebasehosting.googleapis.com/upload/sites/indus-kioask/versions/9e87c56286e797cb/files/443ee304cc05b276ab9bcf55741aa152dc8a2a24eaeac3bb512d02068a65713e [stream]
[debug] [2026-05-18T06:29:40.832Z] <<< [apiv2][status] POST https://upload-firebasehosting.googleapis.com/upload/sites/indus-kioask/versions/9e87c56286e797cb/files/443ee304cc05b276ab9bcf55741aa152dc8a2a24eaeac3bb512d02068a65713e 200
[debug] [2026-05-18T06:29:40.833Z] <<< [apiv2][body] POST https://upload-firebasehosting.googleapis.com/upload/sites/indus-kioask/versions/9e87c56286e797cb/files/443ee304cc05b276ab9bcf55741aa152dc8a2a24eaeac3bb512d02068a65713e [stream]
[debug] [2026-05-18T06:29:40.833Z] Checked if tokens are valid: true, expires at: 1779089153431
[debug] [2026-05-18T06:29:40.833Z] Checked if tokens are valid: true, expires at: 1779089153431
[debug] [2026-05-18T06:29:40.833Z] >>> [apiv2][query] POST https://upload-firebasehosting.googleapis.com/upload/sites/indus-kioask/versions/9e87c56286e797cb/files/be2013a73871a65f23d8f8a3fc385e2d85017d842dc0d0ebeb53b4f5ae3fb09a [none]
[debug] [2026-05-18T06:29:40.833Z] >>> [apiv2][body] POST https://upload-firebasehosting.googleapis.com/upload/sites/indus-kioask/versions/9e87c56286e797cb/files/be2013a73871a65f23d8f8a3fc385e2d85017d842dc0d0ebeb53b4f5ae3fb09a [stream]
[debug] [2026-05-18T06:29:42.325Z] <<< [apiv2][status] POST https://upload-firebasehosting.googleapis.com/upload/sites/indus-kioask/versions/9e87c56286e797cb/files/be2013a73871a65f23d8f8a3fc385e2d85017d842dc0d0ebeb53b4f5ae3fb09a 200
[debug] [2026-05-18T06:29:42.325Z] <<< [apiv2][body] POST https://upload-firebasehosting.googleapis.com/upload/sites/indus-kioask/versions/9e87c56286e797cb/files/be2013a73871a65f23d8f8a3fc385e2d85017d842dc0d0ebeb53b4f5ae3fb09a [stream]
[debug] [2026-05-18T06:29:42.325Z] Checked if tokens are valid: true, expires at: 1779089153431
[debug] [2026-05-18T06:29:42.325Z] Checked if tokens are valid: true, expires at: 1779089153431
[debug] [2026-05-18T06:29:42.325Z] >>> [apiv2][query] POST https://upload-firebasehosting.googleapis.com/upload/sites/indus-kioask/versions/9e87c56286e797cb/files/29cc0b606e2c14216dec3ac522fe59d9282ea8439c905b61efb829934d9ad845 [none]
[debug] [2026-05-18T06:29:42.325Z] >>> [apiv2][body] POST https://upload-firebasehosting.googleapis.com/upload/sites/indus-kioask/versions/9e87c56286e797cb/files/29cc0b606e2c14216dec3ac522fe59d9282ea8439c905b61efb829934d9ad845 [stream]
[debug] [2026-05-18T06:29:43.684Z] <<< [apiv2][status] POST https://upload-firebasehosting.googleapis.com/upload/sites/indus-kioask/versions/9e87c56286e797cb/files/29cc0b606e2c14216dec3ac522fe59d9282ea8439c905b61efb829934d9ad845 200
[debug] [2026-05-18T06:29:43.684Z] <<< [apiv2][body] POST https://upload-firebasehosting.googleapis.com/upload/sites/indus-kioask/versions/9e87c56286e797cb/files/29cc0b606e2c14216dec3ac522fe59d9282ea8439c905b61efb829934d9ad845 [stream]
[debug] [2026-05-18T06:29:43.684Z] Checked if tokens are valid: true, expires at: 1779089153431
[debug] [2026-05-18T06:29:43.684Z] Checked if tokens are valid: true, expires at: 1779089153431
[debug] [2026-05-18T06:29:43.684Z] >>> [apiv2][query] POST https://upload-firebasehosting.googleapis.com/upload/sites/indus-kioask/versions/9e87c56286e797cb/files/b29c7fd67c8c809c35a8faffff5c0b73234c603519096c270acf6d855ae24cad [none]
[debug] [2026-05-18T06:29:43.684Z] >>> [apiv2][body] POST https://upload-firebasehosting.googleapis.com/upload/sites/indus-kioask/versions/9e87c56286e797cb/files/b29c7fd67c8c809c35a8faffff5c0b73234c603519096c270acf6d855ae24cad [stream]
[debug] [2026-05-18T06:29:45.289Z] <<< [apiv2][status] POST https://upload-firebasehosting.googleapis.com/upload/sites/indus-kioask/versions/9e87c56286e797cb/files/b29c7fd67c8c809c35a8faffff5c0b73234c603519096c270acf6d855ae24cad 200
[debug] [2026-05-18T06:29:45.289Z] <<< [apiv2][body] POST https://upload-firebasehosting.googleapis.com/upload/sites/indus-kioask/versions/9e87c56286e797cb/files/b29c7fd67c8c809c35a8faffff5c0b73234c603519096c270acf6d855ae24cad [stream]
[debug] [2026-05-18T06:29:45.290Z] Checked if tokens are valid: true, expires at: 1779089153431
[debug] [2026-05-18T06:29:45.290Z] Checked if tokens are valid: true, expires at: 1779089153431
[debug] [2026-05-18T06:29:45.290Z] >>> [apiv2][query] POST https://upload-firebasehosting.googleapis.com/upload/sites/indus-kioask/versions/9e87c56286e797cb/files/e7db5d2b68b96cb8397d35ea182f20c94bdf2c12b7d880265daf1b3c3e273cd3 [none]
[debug] [2026-05-18T06:29:45.290Z] >>> [apiv2][body] POST https://upload-firebasehosting.googleapis.com/upload/sites/indus-kioask/versions/9e87c56286e797cb/files/e7db5d2b68b96cb8397d35ea182f20c94bdf2c12b7d880265daf1b3c3e273cd3 [stream]
[debug] [2026-05-18T06:29:47.047Z] <<< [apiv2][status] POST https://upload-firebasehosting.googleapis.com/upload/sites/indus-kioask/versions/9e87c56286e797cb/files/e7db5d2b68b96cb8397d35ea182f20c94bdf2c12b7d880265daf1b3c3e273cd3 200
[debug] [2026-05-18T06:29:47.047Z] <<< [apiv2][body] POST https://upload-firebasehosting.googleapis.com/upload/sites/indus-kioask/versions/9e87c56286e797cb/files/e7db5d2b68b96cb8397d35ea182f20c94bdf2c12b7d880265daf1b3c3e273cd3 [stream]
[debug] [2026-05-18T06:29:47.048Z] Checked if tokens are valid: true, expires at: 1779089153431
[debug] [2026-05-18T06:29:47.048Z] Checked if tokens are valid: true, expires at: 1779089153431
[debug] [2026-05-18T06:29:47.048Z] >>> [apiv2][query] POST https://upload-firebasehosting.googleapis.com/upload/sites/indus-kioask/versions/9e87c56286e797cb/files/737463f0dffe376cdf8631cbdf2ba4bc3fa27ff68df890873c6c724f91d67978 [none]
[debug] [2026-05-18T06:29:47.048Z] >>> [apiv2][body] POST https://upload-firebasehosting.googleapis.com/upload/sites/indus-kioask/versions/9e87c56286e797cb/files/737463f0dffe376cdf8631cbdf2ba4bc3fa27ff68df890873c6c724f91d67978 [stream]
[debug] [2026-05-18T06:29:50.199Z] <<< [apiv2][status] POST https://upload-firebasehosting.googleapis.com/upload/sites/indus-kioask/versions/9e87c56286e797cb/files/737463f0dffe376cdf8631cbdf2ba4bc3fa27ff68df890873c6c724f91d67978 200
[debug] [2026-05-18T06:29:50.199Z] <<< [apiv2][body] POST https://upload-firebasehosting.googleapis.com/upload/sites/indus-kioask/versions/9e87c56286e797cb/files/737463f0dffe376cdf8631cbdf2ba4bc3fa27ff68df890873c6c724f91d67978 [stream]
[debug] [2026-05-18T06:29:50.199Z] Checked if tokens are valid: true, expires at: 1779089153431
[debug] [2026-05-18T06:29:50.199Z] Checked if tokens are valid: true, expires at: 1779089153431
[debug] [2026-05-18T06:29:50.199Z] >>> [apiv2][query] POST https://upload-firebasehosting.googleapis.com/upload/sites/indus-kioask/versions/9e87c56286e797cb/files/a9e02a198b53e0f92b6b2f04d940a41d81b8006257367c569bdcdf5c36e07dd8 [none]
[debug] [2026-05-18T06:29:50.199Z] >>> [apiv2][body] POST https://upload-firebasehosting.googleapis.com/upload/sites/indus-kioask/versions/9e87c56286e797cb/files/a9e02a198b53e0f92b6b2f04d940a41d81b8006257367c569bdcdf5c36e07dd8 [stream]
[debug] [2026-05-18T06:29:52.129Z] <<< [apiv2][status] POST https://upload-firebasehosting.googleapis.com/upload/sites/indus-kioask/versions/9e87c56286e797cb/files/a9e02a198b53e0f92b6b2f04d940a41d81b8006257367c569bdcdf5c36e07dd8 200
[debug] [2026-05-18T06:29:52.129Z] <<< [apiv2][body] POST https://upload-firebasehosting.googleapis.com/upload/sites/indus-kioask/versions/9e87c56286e797cb/files/a9e02a198b53e0f92b6b2f04d940a41d81b8006257367c569bdcdf5c36e07dd8 [stream]
[debug] [2026-05-18T06:29:52.129Z] Checked if tokens are valid: true, expires at: 1779089153431
[debug] [2026-05-18T06:29:52.129Z] Checked if tokens are valid: true, expires at: 1779089153431
[debug] [2026-05-18T06:29:52.130Z] >>> [apiv2][query] POST https://upload-firebasehosting.googleapis.com/upload/sites/indus-kioask/versions/9e87c56286e797cb/files/57d87f723da860b0fb04ea1f778b383436c4a47bf93970577b1aaf49d08675ae [none]
[debug] [2026-05-18T06:29:52.130Z] >>> [apiv2][body] POST https://upload-firebasehosting.googleapis.com/upload/sites/indus-kioask/versions/9e87c56286e797cb/files/57d87f723da860b0fb04ea1f778b383436c4a47bf93970577b1aaf49d08675ae [stream]
